[16:42:4.535] Global cache location '/home/riain/.cache/typescript/3.7', safe file path '/home/riain/Documents/Freelance/Client/Patrick_Manning/PM-Site/node_modules/typescript/lib/typingSafeList.json', types map path /home/riain/Documents/Freelance/Client/Patrick_Manning/PM-Site/node_modules/typescript/lib/typesMap.json
[16:42:4.536] Processing cache location '/home/riain/.cache/typescript/3.7'
[16:42:4.536] Trying to find '/home/riain/.cache/typescript/3.7/package.json'...
[16:42:4.540] Loaded content of '/home/riain/.cache/typescript/3.7/package.json': {"private":true,"dependencies":{"types-registry":"^0.1.507"},"devDependencies":{"@types/abbrev":"^1.1.1","@types/accepts":"^1.3.5","@types/acorn":"^4.0.5","@types/adm-zip":"^0.4.33","@types/agent-base":"^4.2.1","@types/ajv-errors":"^1.0.2","@types/angular":"^1.7.3","@types/angular-sanitize":"^1.7.0","@types/angular-translate":"^2.16.2","@types/angular-ui-bootstrap":"^1.0.0","@types/angular-ui-router":"^1.1.40","@types/ansi-styles":"^3.2.1","@types/ansicolors":"0.0.33","@types/anymatch":"^1.3.1","@types/app-root-path":"^1.2.4","@types/archiver":"^3.1.0","@types/are-we-there-yet":"^1.1.0","@types/argparse":"^1.0.38","@types/aria-query":"^4.2.0","@types/arr-diff":"^4.0.0","@types/arr-union":"^3.1.0","@types/array-find-index":"^1.0.0","@types/array-unique":"^0.3.0","@types/asap":"^2.0.0","@types/asn1":"^0.2.0","@types/assert":"^1.5.2","@types/assert-plus":"^1.0.4","@types/async":"^3.2.3","@types/atob":"^2.1.2","@types/autoprefixer":"^9.7.2","@types/aws4":"^1.5.1","@types/backo2":"^1.0.1","@types/balanced-match":"^1.0.1","@types/base64-arraybuffer":"^0.1.0","@types/base64-js":"^1.3.0","@types/basic-auth":"^1.1.3","@types/big.js":"^4.0.5","@types/bl":"^2.1.0","@types/bluebird":"^3.5.32","@types/bn.js":"^4.11.6","@types/body-parser":"^1.19.0","@types/bonjour":"^3.5.6","@types/brace-expansion":"^1.1.0","@types/braces":"^3.0.0","@types/brorand":"^1.0.30","@types/browserslist":"^4.8.0","@types/buffer-crc32":"^0.2.0","@types/buffer-from":"^1.1.0","@types/buffer-xor":"^2.0.0","@types/buffers":"^0.1.31","@types/bytes":"^3.1.0","@types/cacache":"^12.0.1","@types/cacheable-request":"^6.0.1","@types/callsite":"^1.0.30","@types/caniuse-api":"^3.0.0","@types/caniuse-lite":"^1.0.0","@types/caseless":"^0.12.2","@types/chardet":"^0.8.0","@types/chownr":"^1.0.0","@types/ci-info":"^2.0.0","@types/cipher-base":"^1.0.0","@types/circular-dependency-plugin":"^5.0.1","@types/cjson":"^0.5.0","@types/cli-color":"^2.0.0","@types/cli-spinners":"^1.3.0","@types/cli-table":"^0.3.0","@types/clone":"^2.1.0","@types/codemirror":"0.0.98","@types/color":"^3.0.1","@types/color-convert":"^1.9.0","@types/color-name":"^1.1.1","@types/color-string":"^1.5.0","@types/combined-stream":"^1.0.2","@types/commondir":"^1.0.0","@types/component-emitter":"^1.2.10","@types/compose-function":"0.0.30","@types/compressible":"^2.0.0","@types/compression":"^1.7.0","@types/concat-map":"0.0.0","@types/concat-stream":"^1.6.0","@types/configstore":"^4.0.0","@types/connect":"^3.4.33","@types/connect-history-api-fallback":"^1.3.3","@types/content-disposition":"^0.5.3","@types/content-type":"^1.1.3","@types/convert-source-map":"^1.5.1","@types/cookie":"^0.4.0","@types/cookie-signature":"^1.0.3","@types/copy-webpack-plugin":"^6.0.0","@types/core-js":"^2.5.4","@types/crc":"^3.4.0","@types/create-hash":"^1.2.2","@types/create-hmac":"^1.1.0","@types/cross-spawn":"^6.0.2","@types/css":"0.0.31","@types/css-declaration-sorter":"^5.1.0","@types/css-selector-tokenizer":"^0.7.0","@types/css-tree":"^1.0.3","@types/cssesc":"^3.0.0","@types/cssnano":"^4.0.0","@types/csso":"^3.5.1","@types/d":"^1.0.0","@types/dashdash":"^1.14.0","@types/dateformat":"^3.0.1","@types/debug":"^4.1.5","@types/decode-uri-component":"^0.2.0","@types/deep-equal":"^1.0.1","@types/deep-extend":"^0.4.31","@types/default-gateway":"^3.0.1","@types/defaults":"^1.0.3","@types/define-properties":"^1.1.3","@types/depd":"^1.1.32","@types/destroy":"^1.0.0","@types/detect-node":"^2.0.0","@types/di":"0.0.1","@types/diff":"^4.0.2","@types/diffie-hellman":"^5.0.0","@types/dir-glob":"^2.0.0","@types/domhandler":"^2.4.1","@types/domutils":"^1.7.3","@types/duplexer2":"^0.1.2","@types/duplexer3":"^0.1.0","@types/duplexify":"^3.6.0","@types/ee-first":"^1.1.0","@types/elliptic":"^6.4.12","@types/encodeurl":"^1.0.0","@types/end-of-stream":"^1.4.0","@types/engine.io":"^3.1.4","@types/engine.io-client":"^3.1.4","@types/enhanced-resolve":"^3.0.6","@types/ent":"^2.2.3","@types/err-code":"^2.0.0","@types/es-abstract":"^1.16.6","@types/es-to-primitive":"^1.2.3","@types/es6-promisify":"^6.0.0","@types/es6-weak-map":"^1.2.0","@types/escape-html":"^1.0.0","@types/eslint-scope":"^3.7.0","@types/esprima":"^4.0.2","@types/estraverse":"^5.1.0","@types/etag":"^1.8.0","@types/event-emitter":"^0.3.3","@types/events":"^3.0.0","@types/eventsource":"^1.1.4","@types/exit":"^0.1.31","@types/express":"^4.17.8","@types/extend":"^3.0.1","@types/extsprintf":"^1.4.1","@types/fast-text-encoding":"^1.0.1","@types/file-loader":"^4.2.0","@types/finalhandler":"^1.1.0","@types/find-cache-dir":"^3.2.0","@types/flush-write-stream":"^1.0.0","@types/follow-redirects":"^1.13.0","@types/forever-agent":"^0.6.0","@types/forwarded":"^0.1.0","@types/fresh":"^0.5.0","@types/from2":"^2.3.0","@types/fs-extra":"^9.0.1","@types/function-bind":"^1.1.5","@types/get-caller-file":"^1.0.0","@types/get-value":"^3.0.1","@types/getpass":"^0.1.0","@types/glob":"^7.1.3","@types/glob-parent":"^5.1.0","@types/got":"^9.6.11","@types/graceful-fs":"^4.1.3","@types/has":"^1.0.0","@types/has-ansi":"^3.0.0","@types/has-symbols":"^1.0.0","@types/hex-color-regex":"^1.1.0","@types/hosted-git-info":"^3.0.0","@types/html-escaper":"^3.0.0","@types/http-cache-semantics":"^4.0.0","@types/http-errors":"^1.8.0","@types/http-proxy":"^1.17.4","@types/http-proxy-agent":"^2.0.2","@types/http-proxy-middleware":"^0.19.3","@types/humane-js":"^3.2.0","@types/humanize-ms":"^1.2.0","@types/icss-utils":"^4.1.0","@types/iferr":"^1.0.2","@types/ignore-walk":"^3.0.1","@types/immediate":"^3.2.0","@types/imurmurhash":"^0.1.1","@types/inflection":"^1.5.28","@types/inherits":"0.0.30","@types/ini":"^1.3.30","@types/inquirer":"^7.3.1","@types/invariant":"^2.2.34","@types/ip":"^1.1.0","@types/is-buffer":"^2.0.0","@types/is-callable":"^1.1.0","@types/is-ci":"^2.0.0","@types/is-date-object":"^1.0.1","@types/is-finite":"^1.0.0","@types/is-glob":"^4.0.1","@types/is-number":"^7.0.1","@types/is-promise":"^2.1.0","@types/is-regex":"^1.0.0","@types/is-typedarray":"^1.0.0","@types/is-url":"^1.2.28","@types/is-windows":"^1.0.0","@types/isarray":"^2.0.0","@types/isexe":"^2.0.0","@types/isomorphic-fetch":"0.0.35","@types/isstream":"^0.1.0","@types/istanbul-lib-coverage":"^2.0.3","@types/istanbul-lib-hook":"^2.0.1","@types/istanbul-lib-instrument":"^1.7.4","@types/istanbul-lib-report":"^3.0.0","@types/istanbul-lib-source-maps":"^4.0.1","@types/istanbul-reports":"^3.0.0","@types/jasmine":"^3.5.14","@types/jasminewd2":"^2.0.8","@types/jju":"^1.4.1","@types/js-yaml":"^3.12.5","@types/jsbn":"^1.2.29","@types/jsesc":"^2.5.1","@types/json-buffer":"^3.0.0","@types/json-parse-better-errors":"^1.0.0","@types/json-parse-helpfulerror":"^1.0.0","@types/json-schema":"^7.0.6","@types/json-schema-traverse":"^0.4.0","@types/json-stringify-safe":"^5.0.0","@types/json3":"^3.3.2","@types/json5":"0.0.30","@types/jsonfile":"^6.0.0","@types/jsonwebtoken":"^8.5.0","@types/jws":"^3.2.2","@types/karma":"^5.0.0","@types/karma-chrome-launcher":"^3.1.0","@types/karma-coverage-istanbul-reporter":"^2.1.0","@types/karma-jasmine":"^3.1.0","@types/karma-jasmine-html-reporter":"^1.5.1","@types/keyv":"^3.1.1","@types/kind-of":"^6.0.0","@types/klaw":"^3.0.1","@types/less":"^3.0.1","@types/loader-runner":"^2.2.3","@types/loader-utils":"^2.0.1","@types/lodash":"^4.14.161","@types/lodash.at":"^4.6.6","@types/lodash.camelcase":"^4.3.6","@types/lodash.clonedeep":"^4.5.6","@types/lodash.debounce":"^4.0.6","@types/lodash.defaults":"^4.2.6","@types/lodash.difference":"^4.5.6","@types/lodash.flatten":"^4.4.6","@types/lodash.has":"^4.5.6","@types/lodash.includes":"^4.3.6","@types/lodash.isarguments":"^3.1.6","@types/lodash.isboolean":"^3.0.6","@types/lodash.isinteger":"^4.0.6","@types/lodash.isnumber":"^3.0.6","@types/lodash.isobject":"^3.0.6","@types/lodash.isplainobject":"^4.0.6","@types/lodash.isstring":"^4.0.6","@types/lodash.keys":"^4.2.6","@types/lodash.memoize":"^4.1.6","@types/lodash.once":"^4.1.6","@types/lodash.snakecase":"^4.1.6","@types/lodash.sortby":"^4.7.6","@types/lodash.toarray":"^4.4.6","@types/lodash.union":"^4.6.6","@types/lodash.uniq":"^4.5.6","@types/lodash.values":"^4.3.6","@types/long":"^4.0.1","@types/lru-cache":"^5.1.0","@types/marked":"^1.1.0","@types/marked-terminal":"^3.1.1","@types/media-typer":"^1.1.0","@types/memoizee":"^0.4.4","@types/memory-fs":"^0.3.2","@types/meow":"^5.0.0","@types/merge-descriptors":"^1.0.1","@types/merge-stream":"^1.1.2","@types/merge2":"^1.3.0","@types/methods":"^1.1.1","@types/micromatch":"^4.0.1","@types/mime":"^2.0.3","@types/mime-db":"^1.43.0","@types/mime-types":"^2.1.0","@types/mini-css-extract-plugin":"^0.9.1","@types/minimalistic-assert":"^1.0.1","@types/minimatch":"^3.0.3","@types/minimist":"^1.2.0","@types/minipass":"^2.2.0","@types/mkdirp":"^1.0.1","@types/morgan":"^1.9.1","@types/move-concurrently":"^1.0.2","@types/ms":"^0.7.31","@types/mute-stream":"0.0.0","@types/negotiator":"^0.6.1","@types/next-tick":"^1.0.0","@types/ng-file-upload":"^12.2.2","@types/nice-try":"^2.0.0","@types/node-emoji":"^1.8.1","@types/node-fetch":"^2.5.7","@types/node-forge":"^0.9.5","@types/nomnom":"0.0.28","@types/nopt":"^3.0.29","@types/normalize-package-data":"^2.4.0","@types/normalize-path":"^3.0.0","@types/npm-package-arg":"^6.1.0","@types/npm-packlist":"^1.1.1","@types/npm-registry-fetch":"^8.0.0","@types/npmlog":"^4.1.2","@types/nprogress":"^0.2.0","@types/num2fraction":"^1.2.0","@types/number-is-nan":"^1.0.0","@types/numeral":"0.0.28","@types/object-assign":"^4.0.30","@types/object-inspect":"^1.6.1","@types/object-keys":"^1.0.1","@types/object-path":"^0.11.0","@types/object.getownpropertydescriptors":"^2.1.1","@types/object.pick":"^1.3.0","@types/on-finished":"^2.3.1","@types/on-headers":"^1.0.0","@types/once":"^1.4.0","@types/one-time":"0.0.1","@types/optimist":"0.0.29","@types/original":"^1.0.0","@types/os-homedir":"^1.0.0","@types/os-tmpdir":"^1.0.0","@types/osenv":"^0.1.0","@types/pacote":"^11.1.0","@types/pako":"^1.0.1","@types/papaparse":"^5.2.2","@types/parallel-transform":"^1.1.0","@types/parse-json":"^4.0.0","@types/parse5":"^5.0.3","@types/parse5-htmlparser2-tree-adapter":"^5.0.1","@types/parseurl":"^1.3.1","@types/pascalcase":"^1.0.0","@types/path-is-absolute":"^1.0.0","@types/path-is-inside":"^1.0.0","@types/path-parse":"^1.0.19","@types/pbkdf2":"^3.1.0","@types/picomatch":"^2.2.1","@types/pify":"^3.0.2","@types/plist":"^3.0.2","@types/postcss-calc":"^7.0.0","@types/postcss-import":"^12.0.0","@types/postcss-load-config":"^2.0.1","@types/postcss-modules-extract-imports":"^2.0.0","@types/postcss-modules-local-by-default":"^1.2.0","@types/postcss-modules-scope":"^1.1.0","@types/postcss-modules-values":"^3.0.0","@types/progress":"^2.0.3","@types/promise-inflight":"^1.0.0","@types/promise-polyfill":"^6.0.3","@types/promise-retry":"^1.1.3","@types/prop-types":"^15.7.3","@types/proxy-addr":"^2.0.0","@types/psl":"^1.1.0","@types/pump":"^1.1.0","@types/pumpify":"^1.4.1","@types/punycode":"^2.1.0","@types/q":"^1.5.4","@types/qs":"^6.9.4","@types/querystringify":"^2.0.0","@types/randombytes":"^2.0.0","@types/range-parser":"^1.2.3","@types/rangy":"0.0.33","@types/rc":"^1.1.0","@types/react":"^16.9.19","@types/react-dom":"^16.9.5","@types/read-package-tree":"^5.2.0","@types/readable-stream":"^2.3.9","@types/regenerator-runtime":"^0.13.0","@types/registry-auth-token":"^3.3.0","@types/repeat-element":"^1.1.0","@types/repeat-string":"^1.6.0","@types/repeating":"^3.0.0","@types/request":"^2.48.5","@types/require-directory":"^2.1.1","@types/requires-port":"^1.0.0","@types/resolve":"^1.17.1","@types/responselike":"^1.0.0","@types/restangular":"^1.5.45","@types/retry":"^0.12.0","@types/rfdc":"^1.1.0","@types/rimraf":"^3.0.0","@types/ripemd160":"^2.0.0","@types/rsvp":"^4.0.3","@types/run-parallel":"^1.1.0","@types/safe-regex":"^1.1.2","@types/safer-buffer":"^2.1.0","@types/sass":"^1.16.0","@types/sass-loader":"^8.0.0","@types/sax":"^1.2.1","@types/scheduler":"^0.16.1","@types/selenium-webdriver":"^4.0.9","@types/semver":"^7.3.3","@types/send":"^0.14.5","@types/serialize-javascript":"^4.0.0","@types/serve-index":"^1.7.30","@types/serve-static":"^1.13.5","@types/set-value":"^2.0.0","@types/setimmediate":"^1.0.2","@types/sha.js":"^2.4.0","@types/shebang-command":"^1.2.0","@types/signal-exit":"^3.0.0","@types/socket.io":"^2.1.11","@types/socket.io-client":"^1.4.33","@types/socket.io-parser":"^2.2.1","@types/sockjs":"^0.3.32","@types/sockjs-client":"^1.1.1","@types/source-list-map":"^0.1.2","@types/source-map-support":"^0.5.3","@types/spdx-correct":"^2.0.0","@types/spdy":"^3.4.4","@types/speed-measure-webpack-plugin":"^1.3.0","@types/sprintf":"^0.1.0","@types/sprintf-js":"^1.1.2","@types/sshpk":"^1.10.5","@types/ssri":"^7.1.0","@types/stack-trace":"0.0.29","@types/statuses":"^2.0.0","@types/stream-each":"^1.2.0","@types/stream-shift":"^1.0.0","@types/strict-uri-encode":"^2.0.0","@types/stylus":"^0.48.33","@types/supports-color":"^5.3.0","@types/svgo":"^1.3.3","@types/tapable":"^1.0.6","@types/tar":"^4.0.3","@types/tar-stream":"^2.1.0","@types/tcp-port-used":"^1.0.0","@types/terser-webpack-plugin":"^4.1.0","@types/through":"0.0.30","@types/through2":"^2.0.36","@types/timsort":"^0.3.0","@types/tmp":"^0.2.0","@types/tough-cookie":"^4.0.0","@types/traverse":"^0.6.32","@types/triple-beam":"^1.3.2","@types/type-is":"^1.6.3","@types/ui-select":"^0.19.0","@types/underscore":"^1.10.22","@types/uniq":"0.0.27","@types/universal-analytics":"^0.4.4","@types/universalify":"^1.0.0","@types/unzipper":"^0.10.3","@types/update-notifier":"^4.1.1","@types/urix":"^0.1.0","@types/url-join":"^4.0.0","@types/url-parse":"^1.4.3","@types/useragent":"^2.1.1","@types/util-deprecate":"^1.0.0","@types/util.promisify":"^1.0.4","@types/utils-merge":"0.0.28","@types/uuid":"^8.3.0","@types/valid-url":"^1.0.3","@types/validate-npm-package-license":"^3.0.0","@types/validate-npm-package-name":"^3.0.0","@types/vary":"^1.1.0","@types/verror":"^1.10.4","@types/void-elements":"^3.1.0","@types/watchpack":"^1.1.5","@types/wcwidth":"^1.0.0","@types/webidl-conversions":"^6.1.0","@types/webpack":"^4.41.22","@types/webpack-dev-middleware":"^3.7.2","@types/webpack-dev-server":"^3.11.0","@types/webpack-merge":"^4.1.5","@types/webpack-sources":"^1.4.2","@types/webpack-subresource-integrity":"^1.2.0","@types/whatwg-mimetype":"^2.1.0","@types/whatwg-url":"^8.0.0","@types/when":"^2.4.33","@types/which":"^1.3.2","@types/wordwrap":"^1.0.0","@types/worker-plugin":"^4.0.0","@types/wrap-ansi":"^3.0.0","@types/write-file-atomic":"^3.0.1","@types/ws":"^7.2.6","@types/xml2js":"^0.4.5","@types/xmldom":"^0.1.30","@types/xtend":"^4.0.3","@types/y18n":"^4.0.0","@types/yallist":"^3.0.1","@types/yargs":"^15.0.5","@types/yargs-parser":"^15.0.0","@types/yeast":"^0.1.1"}}
[16:42:4.540] Loaded content of '/home/riain/.cache/typescript/3.7/package-lock.json'
[16:42:4.551] Adding entry into typings cache: 'abbrev' => '/home/riain/.cache/typescript/3.7/node_modules/@types/abbrev/index.d.ts'
[16:42:4.554] Adding entry into typings cache: 'accepts' => '/home/riain/.cache/typescript/3.7/node_modules/@types/accepts/index.d.ts'
[16:42:4.557] Adding entry into typings cache: 'acorn' => '/home/riain/.cache/typescript/3.7/node_modules/@types/acorn/index.d.ts'
[16:42:4.559] Adding entry into typings cache: 'adm-zip' => '/home/riain/.cache/typescript/3.7/node_modules/@types/adm-zip/index.d.ts'
[16:42:4.562] Adding entry into typings cache: 'agent-base' => '/home/riain/.cache/typescript/3.7/node_modules/@types/agent-base/index.d.ts'
[16:42:4.565] Adding entry into typings cache: 'ajv-errors' => '/home/riain/.cache/typescript/3.7/node_modules/@types/ajv-errors/index.d.ts'
[16:42:4.567] Adding entry into typings cache: 'angular' => '/home/riain/.cache/typescript/3.7/node_modules/@types/angular/index.d.ts'
[16:42:4.569] Adding entry into typings cache: 'angular-sanitize' => '/home/riain/.cache/typescript/3.7/node_modules/@types/angular-sanitize/index.d.ts'
[16:42:4.572] Adding entry into typings cache: 'angular-translate' => '/home/riain/.cache/typescript/3.7/node_modules/@types/angular-translate/index.d.ts'
[16:42:4.574] Adding entry into typings cache: 'angular-ui-bootstrap' => '/home/riain/.cache/typescript/3.7/node_modules/@types/angular-ui-bootstrap/index.d.ts'
[16:42:4.576] Adding entry into typings cache: 'angular-ui-router' => '/home/riain/.cache/typescript/3.7/node_modules/@types/angular-ui-router/index.d.ts'
[16:42:4.581] Adding entry into typings cache: 'ansi-styles' => '/home/riain/.cache/typescript/3.7/node_modules/@types/ansi-styles/index.d.ts'
[16:42:4.584] Adding entry into typings cache: 'ansicolors' => '/home/riain/.cache/typescript/3.7/node_modules/@types/ansicolors/index.d.ts'
[16:42:4.588] Adding entry into typings cache: 'anymatch' => '/home/riain/.cache/typescript/3.7/node_modules/@types/anymatch/index.d.ts'
[16:42:4.590] Adding entry into typings cache: 'app-root-path' => '/home/riain/.cache/typescript/3.7/node_modules/@types/app-root-path/index.d.ts'
[16:42:4.592] Adding entry into typings cache: 'archiver' => '/home/riain/.cache/typescript/3.7/node_modules/@types/archiver/index.d.ts'
[16:42:4.594] Adding entry into typings cache: 'are-we-there-yet' => '/home/riain/.cache/typescript/3.7/node_modules/@types/are-we-there-yet/index.d.ts'
[16:42:4.596] Adding entry into typings cache: 'argparse' => '/home/riain/.cache/typescript/3.7/node_modules/@types/argparse/index.d.ts'
[16:42:4.598] Adding entry into typings cache: 'aria-query' => '/home/riain/.cache/typescript/3.7/node_modules/@types/aria-query/index.d.ts'
[16:42:4.602] Adding entry into typings cache: 'arr-diff' => '/home/riain/.cache/typescript/3.7/node_modules/@types/arr-diff/index.d.ts'
[16:42:4.606] Adding entry into typings cache: 'arr-union' => '/home/riain/.cache/typescript/3.7/node_modules/@types/arr-union/index.d.ts'
[16:42:4.607] Adding entry into typings cache: 'array-find-index' => '/home/riain/.cache/typescript/3.7/node_modules/@types/array-find-index/index.d.ts'
[16:42:4.612] Adding entry into typings cache: 'array-unique' => '/home/riain/.cache/typescript/3.7/node_modules/@types/array-unique/index.d.ts'
[16:42:4.614] Adding entry into typings cache: 'asap' => '/home/riain/.cache/typescript/3.7/node_modules/@types/asap/index.d.ts'
[16:42:4.615] Adding entry into typings cache: 'asn1' => '/home/riain/.cache/typescript/3.7/node_modules/@types/asn1/index.d.ts'
[16:42:4.618] Adding entry into typings cache: 'assert' => '/home/riain/.cache/typescript/3.7/node_modules/@types/assert/index.d.ts'
[16:42:4.620] Adding entry into typings cache: 'assert-plus' => '/home/riain/.cache/typescript/3.7/node_modules/@types/assert-plus/index.d.ts'
[16:42:4.623] Adding entry into typings cache: 'async' => '/home/riain/.cache/typescript/3.7/node_modules/@types/async/index.d.ts'
[16:42:4.627] Adding entry into typings cache: 'atob' => '/home/riain/.cache/typescript/3.7/node_modules/@types/atob/index.d.ts'
[16:42:4.629] Adding entry into typings cache: 'autoprefixer' => '/home/riain/.cache/typescript/3.7/node_modules/@types/autoprefixer/index.d.ts'
[16:42:4.630] Adding entry into typings cache: 'aws4' => '/home/riain/.cache/typescript/3.7/node_modules/@types/aws4/index.d.ts'
[16:42:4.634] Adding entry into typings cache: 'backo2' => '/home/riain/.cache/typescript/3.7/node_modules/@types/backo2/index.d.ts'
[16:42:4.635] Adding entry into typings cache: 'balanced-match' => '/home/riain/.cache/typescript/3.7/node_modules/@types/balanced-match/index.d.ts'
[16:42:4.638] Adding entry into typings cache: 'base64-arraybuffer' => '/home/riain/.cache/typescript/3.7/node_modules/@types/base64-arraybuffer/index.d.ts'
[16:42:4.641] Adding entry into typings cache: 'base64-js' => '/home/riain/.cache/typescript/3.7/node_modules/@types/base64-js/index.d.ts'
[16:42:4.643] Adding entry into typings cache: 'basic-auth' => '/home/riain/.cache/typescript/3.7/node_modules/@types/basic-auth/index.d.ts'
[16:42:4.644] Adding entry into typings cache: 'big.js' => '/home/riain/.cache/typescript/3.7/node_modules/@types/big.js/index.d.ts'
[16:42:4.645] Adding entry into typings cache: 'bl' => '/home/riain/.cache/typescript/3.7/node_modules/@types/bl/index.d.ts'
[16:42:4.647] Adding entry into typings cache: 'bluebird' => '/home/riain/.cache/typescript/3.7/node_modules/@types/bluebird/index.d.ts'
[16:42:4.648] Adding entry into typings cache: 'bn.js' => '/home/riain/.cache/typescript/3.7/node_modules/@types/bn.js/index.d.ts'
[16:42:4.649] Adding entry into typings cache: 'body-parser' => '/home/riain/.cache/typescript/3.7/node_modules/@types/body-parser/index.d.ts'
[16:42:4.651] Adding entry into typings cache: 'bonjour' => '/home/riain/.cache/typescript/3.7/node_modules/@types/bonjour/index.d.ts'
[16:42:4.652] Adding entry into typings cache: 'brace-expansion' => '/home/riain/.cache/typescript/3.7/node_modules/@types/brace-expansion/index.d.ts'
[16:42:4.655] Adding entry into typings cache: 'braces' => '/home/riain/.cache/typescript/3.7/node_modules/@types/braces/index.d.ts'
[16:42:4.656] Adding entry into typings cache: 'brorand' => '/home/riain/.cache/typescript/3.7/node_modules/@types/brorand/index.d.ts'
[16:42:4.659] Adding entry into typings cache: 'browserslist' => '/home/riain/.cache/typescript/3.7/node_modules/@types/browserslist/index.d.ts'
[16:42:4.661] Adding entry into typings cache: 'buffer-crc32' => '/home/riain/.cache/typescript/3.7/node_modules/@types/buffer-crc32/index.d.ts'
[16:42:4.663] Adding entry into typings cache: 'buffer-from' => '/home/riain/.cache/typescript/3.7/node_modules/@types/buffer-from/index.d.ts'
[16:42:4.664] Adding entry into typings cache: 'buffer-xor' => '/home/riain/.cache/typescript/3.7/node_modules/@types/buffer-xor/index.d.ts'
[16:42:4.665] Adding entry into typings cache: 'buffers' => '/home/riain/.cache/typescript/3.7/node_modules/@types/buffers/index.d.ts'
[16:42:4.666] Adding entry into typings cache: 'bytes' => '/home/riain/.cache/typescript/3.7/node_modules/@types/bytes/index.d.ts'
[16:42:4.667] Adding entry into typings cache: 'cacache' => '/home/riain/.cache/typescript/3.7/node_modules/@types/cacache/index.d.ts'
[16:42:4.669] Adding entry into typings cache: 'cacheable-request' => '/home/riain/.cache/typescript/3.7/node_modules/@types/cacheable-request/index.d.ts'
[16:42:4.670] Adding entry into typings cache: 'callsite' => '/home/riain/.cache/typescript/3.7/node_modules/@types/callsite/index.d.ts'
[16:42:4.671] Adding entry into typings cache: 'caniuse-api' => '/home/riain/.cache/typescript/3.7/node_modules/@types/caniuse-api/index.d.ts'
[16:42:4.673] Adding entry into typings cache: 'caniuse-lite' => '/home/riain/.cache/typescript/3.7/node_modules/@types/caniuse-lite/index.d.ts'
[16:42:4.675] Adding entry into typings cache: 'caseless' => '/home/riain/.cache/typescript/3.7/node_modules/@types/caseless/index.d.ts'
[16:42:4.676] Adding entry into typings cache: 'chardet' => '/home/riain/.cache/typescript/3.7/node_modules/@types/chardet/index.d.ts'
[16:42:4.677] Adding entry into typings cache: 'chownr' => '/home/riain/.cache/typescript/3.7/node_modules/@types/chownr/index.d.ts'
[16:42:4.678] Adding entry into typings cache: 'ci-info' => '/home/riain/.cache/typescript/3.7/node_modules/@types/ci-info/index.d.ts'
[16:42:4.679] Adding entry into typings cache: 'cipher-base' => '/home/riain/.cache/typescript/3.7/node_modules/@types/cipher-base/index.d.ts'
[16:42:4.680] Adding entry into typings cache: 'circular-dependency-plugin' => '/home/riain/.cache/typescript/3.7/node_modules/@types/circular-dependency-plugin/index.d.ts'
[16:42:4.681] Adding entry into typings cache: 'cjson' => '/home/riain/.cache/typescript/3.7/node_modules/@types/cjson/index.d.ts'
[16:42:4.682] Adding entry into typings cache: 'cli-color' => '/home/riain/.cache/typescript/3.7/node_modules/@types/cli-color/index.d.ts'
[16:42:4.683] Adding entry into typings cache: 'cli-spinners' => '/home/riain/.cache/typescript/3.7/node_modules/@types/cli-spinners/index.d.ts'
[16:42:4.684] Adding entry into typings cache: 'cli-table' => '/home/riain/.cache/typescript/3.7/node_modules/@types/cli-table/index.d.ts'
[16:42:4.687] Adding entry into typings cache: 'clone' => '/home/riain/.cache/typescript/3.7/node_modules/@types/clone/index.d.ts'
[16:42:4.688] Adding entry into typings cache: 'codemirror' => '/home/riain/.cache/typescript/3.7/node_modules/@types/codemirror/index.d.ts'
[16:42:4.689] Adding entry into typings cache: 'color' => '/home/riain/.cache/typescript/3.7/node_modules/@types/color/index.d.ts'
[16:42:4.692] Adding entry into typings cache: 'color-convert' => '/home/riain/.cache/typescript/3.7/node_modules/@types/color-convert/index.d.ts'
[16:42:4.696] Adding entry into typings cache: 'color-name' => '/home/riain/.cache/typescript/3.7/node_modules/@types/color-name/index.d.ts'
[16:42:4.697] Adding entry into typings cache: 'color-string' => '/home/riain/.cache/typescript/3.7/node_modules/@types/color-string/index.d.ts'
[16:42:4.699] Adding entry into typings cache: 'combined-stream' => '/home/riain/.cache/typescript/3.7/node_modules/@types/combined-stream/index.d.ts'
[16:42:4.700] Adding entry into typings cache: 'commondir' => '/home/riain/.cache/typescript/3.7/node_modules/@types/commondir/index.d.ts'
[16:42:4.705] Adding entry into typings cache: 'component-emitter' => '/home/riain/.cache/typescript/3.7/node_modules/@types/component-emitter/index.d.ts'
[16:42:4.706] Adding entry into typings cache: 'compose-function' => '/home/riain/.cache/typescript/3.7/node_modules/@types/compose-function/index.d.ts'
[16:42:4.707] Adding entry into typings cache: 'compressible' => '/home/riain/.cache/typescript/3.7/node_modules/@types/compressible/index.d.ts'
[16:42:4.708] Adding entry into typings cache: 'compression' => '/home/riain/.cache/typescript/3.7/node_modules/@types/compression/index.d.ts'
[16:42:4.710] Adding entry into typings cache: 'concat-map' => '/home/riain/.cache/typescript/3.7/node_modules/@types/concat-map/index.d.ts'
[16:42:4.711] Adding entry into typings cache: 'concat-stream' => '/home/riain/.cache/typescript/3.7/node_modules/@types/concat-stream/index.d.ts'
[16:42:4.713] Adding entry into typings cache: 'configstore' => '/home/riain/.cache/typescript/3.7/node_modules/@types/configstore/index.d.ts'
[16:42:4.715] Adding entry into typings cache: 'connect' => '/home/riain/.cache/typescript/3.7/node_modules/@types/connect/index.d.ts'
[16:42:4.716] Adding entry into typings cache: 'connect-history-api-fallback' => '/home/riain/.cache/typescript/3.7/node_modules/@types/connect-history-api-fallback/index.d.ts'
[16:42:4.719] Adding entry into typings cache: 'content-disposition' => '/home/riain/.cache/typescript/3.7/node_modules/@types/content-disposition/index.d.ts'
[16:42:4.720] Adding entry into typings cache: 'content-type' => '/home/riain/.cache/typescript/3.7/node_modules/@types/content-type/index.d.ts'
[16:42:4.721] Adding entry into typings cache: 'convert-source-map' => '/home/riain/.cache/typescript/3.7/node_modules/@types/convert-source-map/index.d.ts'
[16:42:4.722] Adding entry into typings cache: 'cookie' => '/home/riain/.cache/typescript/3.7/node_modules/@types/cookie/index.d.ts'
[16:42:4.723] Adding entry into typings cache: 'cookie-signature' => '/home/riain/.cache/typescript/3.7/node_modules/@types/cookie-signature/index.d.ts'
[16:42:4.725] Adding entry into typings cache: 'copy-webpack-plugin' => '/home/riain/.cache/typescript/3.7/node_modules/@types/copy-webpack-plugin/index.d.ts'
[16:42:4.725] Adding entry into typings cache: 'core-js' => '/home/riain/.cache/typescript/3.7/node_modules/@types/core-js/index.d.ts'
[16:42:4.726] Adding entry into typings cache: 'crc' => '/home/riain/.cache/typescript/3.7/node_modules/@types/crc/index.d.ts'
[16:42:4.727] Adding entry into typings cache: 'create-hash' => '/home/riain/.cache/typescript/3.7/node_modules/@types/create-hash/index.d.ts'
[16:42:4.728] Adding entry into typings cache: 'create-hmac' => '/home/riain/.cache/typescript/3.7/node_modules/@types/create-hmac/index.d.ts'
[16:42:4.729] Adding entry into typings cache: 'cross-spawn' => '/home/riain/.cache/typescript/3.7/node_modules/@types/cross-spawn/index.d.ts'
[16:42:4.730] Adding entry into typings cache: 'css' => '/home/riain/.cache/typescript/3.7/node_modules/@types/css/index.d.ts'
[16:42:4.731] Adding entry into typings cache: 'css-declaration-sorter' => '/home/riain/.cache/typescript/3.7/node_modules/@types/css-declaration-sorter/index.d.ts'
[16:42:4.732] Adding entry into typings cache: 'css-selector-tokenizer' => '/home/riain/.cache/typescript/3.7/node_modules/@types/css-selector-tokenizer/index.d.ts'
[16:42:4.733] Adding entry into typings cache: 'css-tree' => '/home/riain/.cache/typescript/3.7/node_modules/@types/css-tree/index.d.ts'
[16:42:4.734] Adding entry into typings cache: 'cssesc' => '/home/riain/.cache/typescript/3.7/node_modules/@types/cssesc/index.d.ts'
[16:42:4.735] Adding entry into typings cache: 'cssnano' => '/home/riain/.cache/typescript/3.7/node_modules/@types/cssnano/index.d.ts'
[16:42:4.736] Adding entry into typings cache: 'csso' => '/home/riain/.cache/typescript/3.7/node_modules/@types/csso/index.d.ts'
[16:42:4.737] Adding entry into typings cache: 'd' => '/home/riain/.cache/typescript/3.7/node_modules/@types/d/index.d.ts'
[16:42:4.738] Adding entry into typings cache: 'dashdash' => '/home/riain/.cache/typescript/3.7/node_modules/@types/dashdash/index.d.ts'
[16:42:4.739] Adding entry into typings cache: 'dateformat' => '/home/riain/.cache/typescript/3.7/node_modules/@types/dateformat/index.d.ts'
[16:42:4.742] Adding entry into typings cache: 'debug' => '/home/riain/.cache/typescript/3.7/node_modules/@types/debug/index.d.ts'
[16:42:4.743] Adding entry into typings cache: 'decode-uri-component' => '/home/riain/.cache/typescript/3.7/node_modules/@types/decode-uri-component/index.d.ts'
[16:42:4.744] Adding entry into typings cache: 'deep-equal' => '/home/riain/.cache/typescript/3.7/node_modules/@types/deep-equal/index.d.ts'
[16:42:4.745] Adding entry into typings cache: 'deep-extend' => '/home/riain/.cache/typescript/3.7/node_modules/@types/deep-extend/index.d.ts'
[16:42:4.746] Adding entry into typings cache: 'default-gateway' => '/home/riain/.cache/typescript/3.7/node_modules/@types/default-gateway/index.d.ts'
[16:42:4.746] Adding entry into typings cache: 'defaults' => '/home/riain/.cache/typescript/3.7/node_modules/@types/defaults/index.d.ts'
[16:42:4.747] Adding entry into typings cache: 'define-properties' => '/home/riain/.cache/typescript/3.7/node_modules/@types/define-properties/index.d.ts'
[16:42:4.748] Adding entry into typings cache: 'depd' => '/home/riain/.cache/typescript/3.7/node_modules/@types/depd/index.d.ts'
[16:42:4.749] Adding entry into typings cache: 'destroy' => '/home/riain/.cache/typescript/3.7/node_modules/@types/destroy/index.d.ts'
[16:42:4.750] Adding entry into typings cache: 'detect-node' => '/home/riain/.cache/typescript/3.7/node_modules/@types/detect-node/index.d.ts'
[16:42:4.751] Adding entry into typings cache: 'di' => '/home/riain/.cache/typescript/3.7/node_modules/@types/di/index.d.ts'
[16:42:4.752] Adding entry into typings cache: 'diff' => '/home/riain/.cache/typescript/3.7/node_modules/@types/diff/index.d.ts'
[16:42:4.753] Adding entry into typings cache: 'diffie-hellman' => '/home/riain/.cache/typescript/3.7/node_modules/@types/diffie-hellman/index.d.ts'
[16:42:4.754] Adding entry into typings cache: 'dir-glob' => '/home/riain/.cache/typescript/3.7/node_modules/@types/dir-glob/index.d.ts'
[16:42:4.756] Adding entry into typings cache: 'domhandler' => '/home/riain/.cache/typescript/3.7/node_modules/@types/domhandler/index.d.ts'
[16:42:4.756] Adding entry into typings cache: 'domutils' => '/home/riain/.cache/typescript/3.7/node_modules/@types/domutils/index.d.ts'
[16:42:4.757] Adding entry into typings cache: 'duplexer2' => '/home/riain/.cache/typescript/3.7/node_modules/@types/duplexer2/index.d.ts'
[16:42:4.758] Adding entry into typings cache: 'duplexer3' => '/home/riain/.cache/typescript/3.7/node_modules/@types/duplexer3/index.d.ts'
[16:42:4.759] Adding entry into typings cache: 'duplexify' => '/home/riain/.cache/typescript/3.7/node_modules/@types/duplexify/index.d.ts'
[16:42:4.760] Adding entry into typings cache: 'ee-first' => '/home/riain/.cache/typescript/3.7/node_modules/@types/ee-first/index.d.ts'
[16:42:4.761] Adding entry into typings cache: 'elliptic' => '/home/riain/.cache/typescript/3.7/node_modules/@types/elliptic/index.d.ts'
[16:42:4.764] Adding entry into typings cache: 'encodeurl' => '/home/riain/.cache/typescript/3.7/node_modules/@types/encodeurl/index.d.ts'
[16:42:4.764] Adding entry into typings cache: 'end-of-stream' => '/home/riain/.cache/typescript/3.7/node_modules/@types/end-of-stream/index.d.ts'
[16:42:4.765] Adding entry into typings cache: 'engine.io' => '/home/riain/.cache/typescript/3.7/node_modules/@types/engine.io/index.d.ts'
[16:42:4.767] Adding entry into typings cache: 'engine.io-client' => '/home/riain/.cache/typescript/3.7/node_modules/@types/engine.io-client/index.d.ts'
[16:42:4.768] Adding entry into typings cache: 'enhanced-resolve' => '/home/riain/.cache/typescript/3.7/node_modules/@types/enhanced-resolve/index.d.ts'
[16:42:4.769] Adding entry into typings cache: 'ent' => '/home/riain/.cache/typescript/3.7/node_modules/@types/ent/index.d.ts'
[16:42:4.770] Adding entry into typings cache: 'err-code' => '/home/riain/.cache/typescript/3.7/node_modules/@types/err-code/index.d.ts'
[16:42:4.770] Adding entry into typings cache: 'es-abstract' => '/home/riain/.cache/typescript/3.7/node_modules/@types/es-abstract/index.d.ts'
[16:42:4.772] Adding entry into typings cache: 'es-to-primitive' => '/home/riain/.cache/typescript/3.7/node_modules/@types/es-to-primitive/index.d.ts'
[16:42:4.773] Adding entry into typings cache: 'es6-promisify' => '/home/riain/.cache/typescript/3.7/node_modules/@types/es6-promisify/index.d.ts'
[16:42:4.773] Adding entry into typings cache: 'es6-weak-map' => '/home/riain/.cache/typescript/3.7/node_modules/@types/es6-weak-map/index.d.ts'
[16:42:4.774] Adding entry into typings cache: 'escape-html' => '/home/riain/.cache/typescript/3.7/node_modules/@types/escape-html/index.d.ts'
[16:42:4.775] Adding entry into typings cache: 'eslint-scope' => '/home/riain/.cache/typescript/3.7/node_modules/@types/eslint-scope/index.d.ts'
[16:42:4.776] Adding entry into typings cache: 'esprima' => '/home/riain/.cache/typescript/3.7/node_modules/@types/esprima/index.d.ts'
[16:42:4.777] Adding entry into typings cache: 'estraverse' => '/home/riain/.cache/typescript/3.7/node_modules/@types/estraverse/index.d.ts'
[16:42:4.778] Adding entry into typings cache: 'etag' => '/home/riain/.cache/typescript/3.7/node_modules/@types/etag/index.d.ts'
[16:42:4.780] Adding entry into typings cache: 'event-emitter' => '/home/riain/.cache/typescript/3.7/node_modules/@types/event-emitter/index.d.ts'
[16:42:4.781] Adding entry into typings cache: 'events' => '/home/riain/.cache/typescript/3.7/node_modules/@types/events/index.d.ts'
[16:42:4.783] Adding entry into typings cache: 'eventsource' => '/home/riain/.cache/typescript/3.7/node_modules/@types/eventsource/ts3.9/index.d.ts'
[16:42:4.784] Adding entry into typings cache: 'exit' => '/home/riain/.cache/typescript/3.7/node_modules/@types/exit/index.d.ts'
[16:42:4.784] Adding entry into typings cache: 'express' => '/home/riain/.cache/typescript/3.7/node_modules/@types/express/index.d.ts'
[16:42:4.785] Adding entry into typings cache: 'extend' => '/home/riain/.cache/typescript/3.7/node_modules/@types/extend/index.d.ts'
[16:42:4.786] Adding entry into typings cache: 'extsprintf' => '/home/riain/.cache/typescript/3.7/node_modules/@types/extsprintf/index.d.ts'
[16:42:4.787] Adding entry into typings cache: 'fast-text-encoding' => '/home/riain/.cache/typescript/3.7/node_modules/@types/fast-text-encoding/index.d.ts'
[16:42:4.788] Adding entry into typings cache: 'file-loader' => '/home/riain/.cache/typescript/3.7/node_modules/@types/file-loader/index.d.ts'
[16:42:4.789] Adding entry into typings cache: 'finalhandler' => '/home/riain/.cache/typescript/3.7/node_modules/@types/finalhandler/index.d.ts'
[16:42:4.790] Adding entry into typings cache: 'find-cache-dir' => '/home/riain/.cache/typescript/3.7/node_modules/@types/find-cache-dir/index.d.ts'
[16:42:4.790] Adding entry into typings cache: 'flush-write-stream' => '/home/riain/.cache/typescript/3.7/node_modules/@types/flush-write-stream/index.d.ts'
[16:42:4.791] Adding entry into typings cache: 'follow-redirects' => '/home/riain/.cache/typescript/3.7/node_modules/@types/follow-redirects/index.d.ts'
[16:42:4.792] Adding entry into typings cache: 'forever-agent' => '/home/riain/.cache/typescript/3.7/node_modules/@types/forever-agent/index.d.ts'
[16:42:4.793] Adding entry into typings cache: 'forwarded' => '/home/riain/.cache/typescript/3.7/node_modules/@types/forwarded/index.d.ts'
[16:42:4.793] Adding entry into typings cache: 'fresh' => '/home/riain/.cache/typescript/3.7/node_modules/@types/fresh/index.d.ts'
[16:42:4.794] Adding entry into typings cache: 'from2' => '/home/riain/.cache/typescript/3.7/node_modules/@types/from2/index.d.ts'
[16:42:4.796] Adding entry into typings cache: 'fs-extra' => '/home/riain/.cache/typescript/3.7/node_modules/@types/fs-extra/index.d.ts'
[16:42:4.797] Adding entry into typings cache: 'function-bind' => '/home/riain/.cache/typescript/3.7/node_modules/@types/function-bind/ts3.9/index.d.ts'
[16:42:4.797] Adding entry into typings cache: 'get-caller-file' => '/home/riain/.cache/typescript/3.7/node_modules/@types/get-caller-file/index.d.ts'
[16:42:4.799] Adding entry into typings cache: 'get-value' => '/home/riain/.cache/typescript/3.7/node_modules/@types/get-value/index.d.ts'
[16:42:4.800] Adding entry into typings cache: 'getpass' => '/home/riain/.cache/typescript/3.7/node_modules/@types/getpass/index.d.ts'
[16:42:4.801] Adding entry into typings cache: 'glob' => '/home/riain/.cache/typescript/3.7/node_modules/@types/glob/index.d.ts'
[16:42:4.802] Adding entry into typings cache: 'glob-parent' => '/home/riain/.cache/typescript/3.7/node_modules/@types/glob-parent/index.d.ts'
[16:42:4.803] Adding entry into typings cache: 'got' => '/home/riain/.cache/typescript/3.7/node_modules/@types/got/index.d.ts'
[16:42:4.805] Adding entry into typings cache: 'graceful-fs' => '/home/riain/.cache/typescript/3.7/node_modules/@types/graceful-fs/index.d.ts'
[16:42:4.805] Adding entry into typings cache: 'has' => '/home/riain/.cache/typescript/3.7/node_modules/@types/has/index.d.ts'
[16:42:4.806] Adding entry into typings cache: 'has-ansi' => '/home/riain/.cache/typescript/3.7/node_modules/@types/has-ansi/index.d.ts'
[16:42:4.807] Adding entry into typings cache: 'has-symbols' => '/home/riain/.cache/typescript/3.7/node_modules/@types/has-symbols/index.d.ts'
[16:42:4.808] Adding entry into typings cache: 'hex-color-regex' => '/home/riain/.cache/typescript/3.7/node_modules/@types/hex-color-regex/index.d.ts'
[16:42:4.809] Adding entry into typings cache: 'hosted-git-info' => '/home/riain/.cache/typescript/3.7/node_modules/@types/hosted-git-info/index.d.ts'
[16:42:4.809] Adding entry into typings cache: 'html-escaper' => '/home/riain/.cache/typescript/3.7/node_modules/@types/html-escaper/index.d.ts'
[16:42:4.810] Adding entry into typings cache: 'http-cache-semantics' => '/home/riain/.cache/typescript/3.7/node_modules/@types/http-cache-semantics/index.d.ts'
[16:42:4.811] Adding entry into typings cache: 'http-errors' => '/home/riain/.cache/typescript/3.7/node_modules/@types/http-errors/index.d.ts'
[16:42:4.812] Adding entry into typings cache: 'http-proxy' => '/home/riain/.cache/typescript/3.7/node_modules/@types/http-proxy/index.d.ts'
[16:42:4.813] Adding entry into typings cache: 'http-proxy-agent' => '/home/riain/.cache/typescript/3.7/node_modules/@types/http-proxy-agent/index.d.ts'
[16:42:4.814] Adding entry into typings cache: 'http-proxy-middleware' => '/home/riain/.cache/typescript/3.7/node_modules/@types/http-proxy-middleware/index.d.ts'
[16:42:4.815] Adding entry into typings cache: 'humane-js' => '/home/riain/.cache/typescript/3.7/node_modules/@types/humane-js/index.d.ts'
[16:42:4.816] Adding entry into typings cache: 'humanize-ms' => '/home/riain/.cache/typescript/3.7/node_modules/@types/humanize-ms/index.d.ts'
[16:42:4.817] Adding entry into typings cache: 'icss-utils' => '/home/riain/.cache/typescript/3.7/node_modules/@types/icss-utils/index.d.ts'
[16:42:4.818] Adding entry into typings cache: 'iferr' => '/home/riain/.cache/typescript/3.7/node_modules/@types/iferr/index.d.ts'
[16:42:4.819] Adding entry into typings cache: 'ignore-walk' => '/home/riain/.cache/typescript/3.7/node_modules/@types/ignore-walk/index.d.ts'
[16:42:4.820] Adding entry into typings cache: 'immediate' => '/home/riain/.cache/typescript/3.7/node_modules/@types/immediate/index.d.ts'
[16:42:4.820] Adding entry into typings cache: 'imurmurhash' => '/home/riain/.cache/typescript/3.7/node_modules/@types/imurmurhash/index.d.ts'
[16:42:4.823] Adding entry into typings cache: 'inflection' => '/home/riain/.cache/typescript/3.7/node_modules/@types/inflection/index.d.ts'
[16:42:4.824] Adding entry into typings cache: 'inherits' => '/home/riain/.cache/typescript/3.7/node_modules/@types/inherits/index.d.ts'
[16:42:4.825] Adding entry into typings cache: 'ini' => '/home/riain/.cache/typescript/3.7/node_modules/@types/ini/index.d.ts'
[16:42:4.826] Adding entry into typings cache: 'inquirer' => '/home/riain/.cache/typescript/3.7/node_modules/@types/inquirer/index.d.ts'
[16:42:4.826] Adding entry into typings cache: 'invariant' => '/home/riain/.cache/typescript/3.7/node_modules/@types/invariant/index.d.ts'
[16:42:4.827] Adding entry into typings cache: 'ip' => '/home/riain/.cache/typescript/3.7/node_modules/@types/ip/index.d.ts'
[16:42:4.829] Adding entry into typings cache: 'is-buffer' => '/home/riain/.cache/typescript/3.7/node_modules/@types/is-buffer/index.d.ts'
[16:42:4.830] Adding entry into typings cache: 'is-callable' => '/home/riain/.cache/typescript/3.7/node_modules/@types/is-callable/index.d.ts'
[16:42:4.830] Adding entry into typings cache: 'is-ci' => '/home/riain/.cache/typescript/3.7/node_modules/@types/is-ci/index.d.ts'
[16:42:4.832] Adding entry into typings cache: 'is-date-object' => '/home/riain/.cache/typescript/3.7/node_modules/@types/is-date-object/index.d.ts'
[16:42:4.833] Adding entry into typings cache: 'is-finite' => '/home/riain/.cache/typescript/3.7/node_modules/@types/is-finite/index.d.ts'
[16:42:4.834] Adding entry into typings cache: 'is-glob' => '/home/riain/.cache/typescript/3.7/node_modules/@types/is-glob/index.d.ts'
[16:42:4.836] Adding entry into typings cache: 'is-number' => '/home/riain/.cache/typescript/3.7/node_modules/@types/is-number/index.d.ts'
[16:42:4.836] Adding entry into typings cache: 'is-promise' => '/home/riain/.cache/typescript/3.7/node_modules/@types/is-promise/index.d.ts'
[16:42:4.837] Adding entry into typings cache: 'is-regex' => '/home/riain/.cache/typescript/3.7/node_modules/@types/is-regex/index.d.ts'
[16:42:4.838] Adding entry into typings cache: 'is-typedarray' => '/home/riain/.cache/typescript/3.7/node_modules/@types/is-typedarray/index.d.ts'
[16:42:4.839] Adding entry into typings cache: 'is-url' => '/home/riain/.cache/typescript/3.7/node_modules/@types/is-url/index.d.ts'
[16:42:4.841] Adding entry into typings cache: 'is-windows' => '/home/riain/.cache/typescript/3.7/node_modules/@types/is-windows/index.d.ts'
[16:42:4.843] Adding entry into typings cache: 'isarray' => '/home/riain/.cache/typescript/3.7/node_modules/@types/isarray/index.d.ts'
[16:42:4.844] Adding entry into typings cache: 'isexe' => '/home/riain/.cache/typescript/3.7/node_modules/@types/isexe/index.d.ts'
[16:42:4.845] Adding entry into typings cache: 'isomorphic-fetch' => '/home/riain/.cache/typescript/3.7/node_modules/@types/isomorphic-fetch/index.d.ts'
[16:42:4.845] Adding entry into typings cache: 'isstream' => '/home/riain/.cache/typescript/3.7/node_modules/@types/isstream/index.d.ts'
[16:42:4.846] Adding entry into typings cache: 'istanbul-lib-coverage' => '/home/riain/.cache/typescript/3.7/node_modules/@types/istanbul-lib-coverage/index.d.ts'
[16:42:4.847] Adding entry into typings cache: 'istanbul-lib-hook' => '/home/riain/.cache/typescript/3.7/node_modules/@types/istanbul-lib-hook/index.d.ts'
[16:42:4.848] Adding entry into typings cache: 'istanbul-lib-instrument' => '/home/riain/.cache/typescript/3.7/node_modules/@types/istanbul-lib-instrument/index.d.ts'
[16:42:4.848] Adding entry into typings cache: 'istanbul-lib-report' => '/home/riain/.cache/typescript/3.7/node_modules/@types/istanbul-lib-report/index.d.ts'
[16:42:4.852] Adding entry into typings cache: 'istanbul-lib-source-maps' => '/home/riain/.cache/typescript/3.7/node_modules/@types/istanbul-lib-source-maps/index.d.ts'
[16:42:4.853] Adding entry into typings cache: 'istanbul-reports' => '/home/riain/.cache/typescript/3.7/node_modules/@types/istanbul-reports/index.d.ts'
[16:42:4.854] Adding entry into typings cache: 'jasmine' => '/home/riain/.cache/typescript/3.7/node_modules/@types/jasmine/index.d.ts'
[16:42:4.855] Adding entry into typings cache: 'jasminewd2' => '/home/riain/.cache/typescript/3.7/node_modules/@types/jasminewd2/index.d.ts'
[16:42:4.855] Adding entry into typings cache: 'jju' => '/home/riain/.cache/typescript/3.7/node_modules/@types/jju/index.d.ts'
[16:42:4.856] Adding entry into typings cache: 'js-yaml' => '/home/riain/.cache/typescript/3.7/node_modules/@types/js-yaml/index.d.ts'
[16:42:4.857] Adding entry into typings cache: 'jsbn' => '/home/riain/.cache/typescript/3.7/node_modules/@types/jsbn/index.d.ts'
[16:42:4.858] Adding entry into typings cache: 'jsesc' => '/home/riain/.cache/typescript/3.7/node_modules/@types/jsesc/index.d.ts'
[16:42:4.858] Adding entry into typings cache: 'json-buffer' => '/home/riain/.cache/typescript/3.7/node_modules/@types/json-buffer/index.d.ts'
[16:42:4.859] Adding entry into typings cache: 'json-parse-better-errors' => '/home/riain/.cache/typescript/3.7/node_modules/@types/json-parse-better-errors/index.d.ts'
[16:42:4.860] Adding entry into typings cache: 'json-parse-helpfulerror' => '/home/riain/.cache/typescript/3.7/node_modules/@types/json-parse-helpfulerror/index.d.ts'
[16:42:4.861] Adding entry into typings cache: 'json-schema' => '/home/riain/.cache/typescript/3.7/node_modules/@types/json-schema/index.d.ts'
[16:42:4.862] Adding entry into typings cache: 'json-schema-traverse' => '/home/riain/.cache/typescript/3.7/node_modules/@types/json-schema-traverse/index.d.ts'
[16:42:4.863] Adding entry into typings cache: 'json-stringify-safe' => '/home/riain/.cache/typescript/3.7/node_modules/@types/json-stringify-safe/index.d.ts'
[16:42:4.863] Adding entry into typings cache: 'json3' => '/home/riain/.cache/typescript/3.7/node_modules/@types/json3/index.d.ts'
[16:42:4.864] Adding entry into typings cache: 'json5' => '/home/riain/.cache/typescript/3.7/node_modules/@types/json5/index.d.ts'
[16:42:4.865] Adding entry into typings cache: 'jsonfile' => '/home/riain/.cache/typescript/3.7/node_modules/@types/jsonfile/index.d.ts'
[16:42:4.866] Adding entry into typings cache: 'jsonwebtoken' => '/home/riain/.cache/typescript/3.7/node_modules/@types/jsonwebtoken/index.d.ts'
[16:42:4.867] Adding entry into typings cache: 'jws' => '/home/riain/.cache/typescript/3.7/node_modules/@types/jws/index.d.ts'
[16:42:4.868] Adding entry into typings cache: 'karma' => '/home/riain/.cache/typescript/3.7/node_modules/@types/karma/index.d.ts'
[16:42:4.869] Adding entry into typings cache: 'karma-chrome-launcher' => '/home/riain/.cache/typescript/3.7/node_modules/@types/karma-chrome-launcher/index.d.ts'
[16:42:4.869] Adding entry into typings cache: 'karma-coverage-istanbul-reporter' => '/home/riain/.cache/typescript/3.7/node_modules/@types/karma-coverage-istanbul-reporter/index.d.ts'
[16:42:4.870] Adding entry into typings cache: 'karma-jasmine' => '/home/riain/.cache/typescript/3.7/node_modules/@types/karma-jasmine/index.d.ts'
[16:42:4.871] Adding entry into typings cache: 'karma-jasmine-html-reporter' => '/home/riain/.cache/typescript/3.7/node_modules/@types/karma-jasmine-html-reporter/index.d.ts'
[16:42:4.872] Adding entry into typings cache: 'keyv' => '/home/riain/.cache/typescript/3.7/node_modules/@types/keyv/index.d.ts'
[16:42:4.873] Adding entry into typings cache: 'kind-of' => '/home/riain/.cache/typescript/3.7/node_modules/@types/kind-of/index.d.ts'
[16:42:4.874] Adding entry into typings cache: 'klaw' => '/home/riain/.cache/typescript/3.7/node_modules/@types/klaw/index.d.ts'
[16:42:4.875] Adding entry into typings cache: 'less' => '/home/riain/.cache/typescript/3.7/node_modules/@types/less/index.d.ts'
[16:42:4.876] Adding entry into typings cache: 'loader-runner' => '/home/riain/.cache/typescript/3.7/node_modules/@types/loader-runner/index.d.ts'
[16:42:4.876] Adding entry into typings cache: 'loader-utils' => '/home/riain/.cache/typescript/3.7/node_modules/@types/loader-utils/index.d.ts'
[16:42:4.878] Adding entry into typings cache: 'lodash' => '/home/riain/.cache/typescript/3.7/node_modules/@types/lodash/index.d.ts'
[16:42:4.879] Adding entry into typings cache: 'lodash.at' => '/home/riain/.cache/typescript/3.7/node_modules/@types/lodash.at/index.d.ts'
[16:42:4.880] Adding entry into typings cache: 'lodash.camelcase' => '/home/riain/.cache/typescript/3.7/node_modules/@types/lodash.camelcase/index.d.ts'
[16:42:4.881] Adding entry into typings cache: 'lodash.clonedeep' => '/home/riain/.cache/typescript/3.7/node_modules/@types/lodash.clonedeep/index.d.ts'
[16:42:4.883] Adding entry into typings cache: 'lodash.debounce' => '/home/riain/.cache/typescript/3.7/node_modules/@types/lodash.debounce/index.d.ts'
[16:42:4.884] Adding entry into typings cache: 'lodash.defaults' => '/home/riain/.cache/typescript/3.7/node_modules/@types/lodash.defaults/index.d.ts'
[16:42:4.885] Adding entry into typings cache: 'lodash.difference' => '/home/riain/.cache/typescript/3.7/node_modules/@types/lodash.difference/index.d.ts'
[16:42:4.889] Adding entry into typings cache: 'lodash.flatten' => '/home/riain/.cache/typescript/3.7/node_modules/@types/lodash.flatten/index.d.ts'
[16:42:4.890] Adding entry into typings cache: 'lodash.has' => '/home/riain/.cache/typescript/3.7/node_modules/@types/lodash.has/index.d.ts'
[16:42:4.891] Adding entry into typings cache: 'lodash.includes' => '/home/riain/.cache/typescript/3.7/node_modules/@types/lodash.includes/index.d.ts'
[16:42:4.892] Adding entry into typings cache: 'lodash.isarguments' => '/home/riain/.cache/typescript/3.7/node_modules/@types/lodash.isarguments/index.d.ts'
[16:42:4.893] Adding entry into typings cache: 'lodash.isboolean' => '/home/riain/.cache/typescript/3.7/node_modules/@types/lodash.isboolean/index.d.ts'
[16:42:4.894] Adding entry into typings cache: 'lodash.isinteger' => '/home/riain/.cache/typescript/3.7/node_modules/@types/lodash.isinteger/index.d.ts'
[16:42:4.895] Adding entry into typings cache: 'lodash.isnumber' => '/home/riain/.cache/typescript/3.7/node_modules/@types/lodash.isnumber/index.d.ts'
[16:42:4.896] Adding entry into typings cache: 'lodash.isobject' => '/home/riain/.cache/typescript/3.7/node_modules/@types/lodash.isobject/index.d.ts'
[16:42:4.897] Adding entry into typings cache: 'lodash.isplainobject' => '/home/riain/.cache/typescript/3.7/node_modules/@types/lodash.isplainobject/index.d.ts'
[16:42:4.898] Adding entry into typings cache: 'lodash.isstring' => '/home/riain/.cache/typescript/3.7/node_modules/@types/lodash.isstring/index.d.ts'
[16:42:4.899] Adding entry into typings cache: 'lodash.keys' => '/home/riain/.cache/typescript/3.7/node_modules/@types/lodash.keys/index.d.ts'
[16:42:4.900] Adding entry into typings cache: 'lodash.memoize' => '/home/riain/.cache/typescript/3.7/node_modules/@types/lodash.memoize/index.d.ts'
[16:42:4.901] Adding entry into typings cache: 'lodash.once' => '/home/riain/.cache/typescript/3.7/node_modules/@types/lodash.once/index.d.ts'
[16:42:4.901] Adding entry into typings cache: 'lodash.snakecase' => '/home/riain/.cache/typescript/3.7/node_modules/@types/lodash.snakecase/index.d.ts'
[16:42:4.902] Adding entry into typings cache: 'lodash.sortby' => '/home/riain/.cache/typescript/3.7/node_modules/@types/lodash.sortby/index.d.ts'
[16:42:4.903] Adding entry into typings cache: 'lodash.toarray' => '/home/riain/.cache/typescript/3.7/node_modules/@types/lodash.toarray/index.d.ts'
[16:42:4.904] Adding entry into typings cache: 'lodash.union' => '/home/riain/.cache/typescript/3.7/node_modules/@types/lodash.union/index.d.ts'
[16:42:4.905] Adding entry into typings cache: 'lodash.uniq' => '/home/riain/.cache/typescript/3.7/node_modules/@types/lodash.uniq/index.d.ts'
[16:42:4.906] Adding entry into typings cache: 'lodash.values' => '/home/riain/.cache/typescript/3.7/node_modules/@types/lodash.values/index.d.ts'
[16:42:4.906] Adding entry into typings cache: 'long' => '/home/riain/.cache/typescript/3.7/node_modules/@types/long/index.d.ts'
[16:42:4.907] Adding entry into typings cache: 'lru-cache' => '/home/riain/.cache/typescript/3.7/node_modules/@types/lru-cache/index.d.ts'
[16:42:4.908] Adding entry into typings cache: 'marked' => '/home/riain/.cache/typescript/3.7/node_modules/@types/marked/index.d.ts'
[16:42:4.909] Adding entry into typings cache: 'marked-terminal' => '/home/riain/.cache/typescript/3.7/node_modules/@types/marked-terminal/index.d.ts'
[16:42:4.910] Adding entry into typings cache: 'media-typer' => '/home/riain/.cache/typescript/3.7/node_modules/@types/media-typer/index.d.ts'
[16:42:4.910] Adding entry into typings cache: 'memoizee' => '/home/riain/.cache/typescript/3.7/node_modules/@types/memoizee/index.d.ts'
[16:42:4.911] Adding entry into typings cache: 'memory-fs' => '/home/riain/.cache/typescript/3.7/node_modules/@types/memory-fs/index.d.ts'
[16:42:4.912] Adding entry into typings cache: 'meow' => '/home/riain/.cache/typescript/3.7/node_modules/@types/meow/index.d.ts'
[16:42:4.912] Adding entry into typings cache: 'merge-descriptors' => '/home/riain/.cache/typescript/3.7/node_modules/@types/merge-descriptors/index.d.ts'
[16:42:4.914] Adding entry into typings cache: 'merge-stream' => '/home/riain/.cache/typescript/3.7/node_modules/@types/merge-stream/index.d.ts'
[16:42:4.914] Adding entry into typings cache: 'merge2' => '/home/riain/.cache/typescript/3.7/node_modules/@types/merge2/index.d.ts'
[16:42:4.915] Adding entry into typings cache: 'methods' => '/home/riain/.cache/typescript/3.7/node_modules/@types/methods/index.d.ts'
[16:42:4.917] Adding entry into typings cache: 'micromatch' => '/home/riain/.cache/typescript/3.7/node_modules/@types/micromatch/index.d.ts'
[16:42:4.918] Adding entry into typings cache: 'mime' => '/home/riain/.cache/typescript/3.7/node_modules/@types/mime/index.d.ts'
[16:42:4.919] Adding entry into typings cache: 'mime-db' => '/home/riain/.cache/typescript/3.7/node_modules/@types/mime-db/index.d.ts'
[16:42:4.920] Adding entry into typings cache: 'mime-types' => '/home/riain/.cache/typescript/3.7/node_modules/@types/mime-types/index.d.ts'
[16:42:4.921] Adding entry into typings cache: 'mini-css-extract-plugin' => '/home/riain/.cache/typescript/3.7/node_modules/@types/mini-css-extract-plugin/index.d.ts'
[16:42:4.921] Adding entry into typings cache: 'minimalistic-assert' => '/home/riain/.cache/typescript/3.7/node_modules/@types/minimalistic-assert/index.d.ts'
[16:42:4.922] Adding entry into typings cache: 'minimatch' => '/home/riain/.cache/typescript/3.7/node_modules/@types/minimatch/index.d.ts'
[16:42:4.923] Adding entry into typings cache: 'minimist' => '/home/riain/.cache/typescript/3.7/node_modules/@types/minimist/index.d.ts'
[16:42:4.923] Adding entry into typings cache: 'minipass' => '/home/riain/.cache/typescript/3.7/node_modules/@types/minipass/index.d.ts'
[16:42:4.924] Adding entry into typings cache: 'mkdirp' => '/home/riain/.cache/typescript/3.7/node_modules/@types/mkdirp/index.d.ts'
[16:42:4.925] Adding entry into typings cache: 'morgan' => '/home/riain/.cache/typescript/3.7/node_modules/@types/morgan/index.d.ts'
[16:42:4.926] Adding entry into typings cache: 'move-concurrently' => '/home/riain/.cache/typescript/3.7/node_modules/@types/move-concurrently/index.d.ts'
[16:42:4.927] Adding entry into typings cache: 'ms' => '/home/riain/.cache/typescript/3.7/node_modules/@types/ms/index.d.ts'
[16:42:4.928] Adding entry into typings cache: 'mute-stream' => '/home/riain/.cache/typescript/3.7/node_modules/@types/mute-stream/index.d.ts'
[16:42:4.929] Adding entry into typings cache: 'negotiator' => '/home/riain/.cache/typescript/3.7/node_modules/@types/negotiator/index.d.ts'
[16:42:4.931] Adding entry into typings cache: 'next-tick' => '/home/riain/.cache/typescript/3.7/node_modules/@types/next-tick/index.d.ts'
[16:42:4.932] Adding entry into typings cache: 'ng-file-upload' => '/home/riain/.cache/typescript/3.7/node_modules/@types/ng-file-upload/index.d.ts'
[16:42:4.933] Adding entry into typings cache: 'nice-try' => '/home/riain/.cache/typescript/3.7/node_modules/@types/nice-try/index.d.ts'
[16:42:4.934] Adding entry into typings cache: 'node-emoji' => '/home/riain/.cache/typescript/3.7/node_modules/@types/node-emoji/index.d.ts'
[16:42:4.935] Adding entry into typings cache: 'node-fetch' => '/home/riain/.cache/typescript/3.7/node_modules/@types/node-fetch/index.d.ts'
[16:42:4.936] Adding entry into typings cache: 'node-forge' => '/home/riain/.cache/typescript/3.7/node_modules/@types/node-forge/index.d.ts'
[16:42:4.936] Adding entry into typings cache: 'nomnom' => '/home/riain/.cache/typescript/3.7/node_modules/@types/nomnom/index.d.ts'
[16:42:4.937] Adding entry into typings cache: 'nopt' => '/home/riain/.cache/typescript/3.7/node_modules/@types/nopt/index.d.ts'
[16:42:4.938] Adding entry into typings cache: 'normalize-package-data' => '/home/riain/.cache/typescript/3.7/node_modules/@types/normalize-package-data/index.d.ts'
[16:42:4.939] Adding entry into typings cache: 'normalize-path' => '/home/riain/.cache/typescript/3.7/node_modules/@types/normalize-path/index.d.ts'
[16:42:4.940] Adding entry into typings cache: 'npm-package-arg' => '/home/riain/.cache/typescript/3.7/node_modules/@types/npm-package-arg/index.d.ts'
[16:42:4.940] Adding entry into typings cache: 'npm-packlist' => '/home/riain/.cache/typescript/3.7/node_modules/@types/npm-packlist/index.d.ts'
[16:42:4.941] Adding entry into typings cache: 'npm-registry-fetch' => '/home/riain/.cache/typescript/3.7/node_modules/@types/npm-registry-fetch/index.d.ts'
[16:42:4.942] Adding entry into typings cache: 'npmlog' => '/home/riain/.cache/typescript/3.7/node_modules/@types/npmlog/index.d.ts'
[16:42:4.943] Adding entry into typings cache: 'nprogress' => '/home/riain/.cache/typescript/3.7/node_modules/@types/nprogress/index.d.ts'
[16:42:4.944] Adding entry into typings cache: 'num2fraction' => '/home/riain/.cache/typescript/3.7/node_modules/@types/num2fraction/index.d.ts'
[16:42:4.944] Adding entry into typings cache: 'number-is-nan' => '/home/riain/.cache/typescript/3.7/node_modules/@types/number-is-nan/index.d.ts'
[16:42:4.945] Adding entry into typings cache: 'numeral' => '/home/riain/.cache/typescript/3.7/node_modules/@types/numeral/index.d.ts'
[16:42:4.946] Adding entry into typings cache: 'object-assign' => '/home/riain/.cache/typescript/3.7/node_modules/@types/object-assign/index.d.ts'
[16:42:4.946] Adding entry into typings cache: 'object-inspect' => '/home/riain/.cache/typescript/3.7/node_modules/@types/object-inspect/index.d.ts'
[16:42:4.947] Adding entry into typings cache: 'object-keys' => '/home/riain/.cache/typescript/3.7/node_modules/@types/object-keys/index.d.ts'
[16:42:4.948] Adding entry into typings cache: 'object-path' => '/home/riain/.cache/typescript/3.7/node_modules/@types/object-path/index.d.ts'
[16:42:4.949] Adding entry into typings cache: 'object.getownpropertydescriptors' => '/home/riain/.cache/typescript/3.7/node_modules/@types/object.getownpropertydescriptors/index.d.ts'
[16:42:4.950] Adding entry into typings cache: 'object.pick' => '/home/riain/.cache/typescript/3.7/node_modules/@types/object.pick/index.d.ts'
[16:42:4.951] Adding entry into typings cache: 'on-finished' => '/home/riain/.cache/typescript/3.7/node_modules/@types/on-finished/index.d.ts'
[16:42:4.952] Adding entry into typings cache: 'on-headers' => '/home/riain/.cache/typescript/3.7/node_modules/@types/on-headers/index.d.ts'
[16:42:4.952] Adding entry into typings cache: 'once' => '/home/riain/.cache/typescript/3.7/node_modules/@types/once/index.d.ts'
[16:42:4.953] Adding entry into typings cache: 'one-time' => '/home/riain/.cache/typescript/3.7/node_modules/@types/one-time/index.d.ts'
[16:42:4.954] Adding entry into typings cache: 'optimist' => '/home/riain/.cache/typescript/3.7/node_modules/@types/optimist/index.d.ts'
[16:42:4.955] Adding entry into typings cache: 'original' => '/home/riain/.cache/typescript/3.7/node_modules/@types/original/index.d.ts'
[16:42:4.955] Adding entry into typings cache: 'os-homedir' => '/home/riain/.cache/typescript/3.7/node_modules/@types/os-homedir/index.d.ts'
[16:42:4.956] Adding entry into typings cache: 'os-tmpdir' => '/home/riain/.cache/typescript/3.7/node_modules/@types/os-tmpdir/index.d.ts'
[16:42:4.957] Adding entry into typings cache: 'osenv' => '/home/riain/.cache/typescript/3.7/node_modules/@types/osenv/index.d.ts'
[16:42:4.957] Adding entry into typings cache: 'pacote' => '/home/riain/.cache/typescript/3.7/node_modules/@types/pacote/index.d.ts'
[16:42:4.958] Adding entry into typings cache: 'pako' => '/home/riain/.cache/typescript/3.7/node_modules/@types/pako/index.d.ts'
[16:42:4.959] Adding entry into typings cache: 'papaparse' => '/home/riain/.cache/typescript/3.7/node_modules/@types/papaparse/index.d.ts'
[16:42:4.960] Adding entry into typings cache: 'parallel-transform' => '/home/riain/.cache/typescript/3.7/node_modules/@types/parallel-transform/index.d.ts'
[16:42:4.961] Adding entry into typings cache: 'parse-json' => '/home/riain/.cache/typescript/3.7/node_modules/@types/parse-json/index.d.ts'
[16:42:4.962] Adding entry into typings cache: 'parse5' => '/home/riain/.cache/typescript/3.7/node_modules/@types/parse5/index.d.ts'
[16:42:4.963] Adding entry into typings cache: 'parse5-htmlparser2-tree-adapter' => '/home/riain/.cache/typescript/3.7/node_modules/@types/parse5-htmlparser2-tree-adapter/index.d.ts'
[16:42:4.963] Adding entry into typings cache: 'parseurl' => '/home/riain/.cache/typescript/3.7/node_modules/@types/parseurl/index.d.ts'
[16:42:4.964] Adding entry into typings cache: 'pascalcase' => '/home/riain/.cache/typescript/3.7/node_modules/@types/pascalcase/index.d.ts'
[16:42:4.965] Adding entry into typings cache: 'path-is-absolute' => '/home/riain/.cache/typescript/3.7/node_modules/@types/path-is-absolute/index.d.ts'
[16:42:4.966] Adding entry into typings cache: 'path-is-inside' => '/home/riain/.cache/typescript/3.7/node_modules/@types/path-is-inside/index.d.ts'
[16:42:4.967] Adding entry into typings cache: 'path-parse' => '/home/riain/.cache/typescript/3.7/node_modules/@types/path-parse/index.d.ts'
[16:42:4.967] Adding entry into typings cache: 'pbkdf2' => '/home/riain/.cache/typescript/3.7/node_modules/@types/pbkdf2/index.d.ts'
[16:42:4.968] Adding entry into typings cache: 'picomatch' => '/home/riain/.cache/typescript/3.7/node_modules/@types/picomatch/index.d.ts'
[16:42:4.969] Adding entry into typings cache: 'pify' => '/home/riain/.cache/typescript/3.7/node_modules/@types/pify/index.d.ts'
[16:42:4.970] Adding entry into typings cache: 'plist' => '/home/riain/.cache/typescript/3.7/node_modules/@types/plist/index.d.ts'
[16:42:4.970] Adding entry into typings cache: 'postcss-calc' => '/home/riain/.cache/typescript/3.7/node_modules/@types/postcss-calc/index.d.ts'
[16:42:4.971] Adding entry into typings cache: 'postcss-import' => '/home/riain/.cache/typescript/3.7/node_modules/@types/postcss-import/index.d.ts'
[16:42:4.972] Adding entry into typings cache: 'postcss-load-config' => '/home/riain/.cache/typescript/3.7/node_modules/@types/postcss-load-config/index.d.ts'
[16:42:4.972] Adding entry into typings cache: 'postcss-modules-extract-imports' => '/home/riain/.cache/typescript/3.7/node_modules/@types/postcss-modules-extract-imports/index.d.ts'
[16:42:4.973] Adding entry into typings cache: 'postcss-modules-local-by-default' => '/home/riain/.cache/typescript/3.7/node_modules/@types/postcss-modules-local-by-default/index.d.ts'
[16:42:4.974] Adding entry into typings cache: 'postcss-modules-scope' => '/home/riain/.cache/typescript/3.7/node_modules/@types/postcss-modules-scope/index.d.ts'
[16:42:4.975] Adding entry into typings cache: 'postcss-modules-values' => '/home/riain/.cache/typescript/3.7/node_modules/@types/postcss-modules-values/index.d.ts'
[16:42:4.976] Adding entry into typings cache: 'progress' => '/home/riain/.cache/typescript/3.7/node_modules/@types/progress/index.d.ts'
[16:42:4.976] Adding entry into typings cache: 'promise-inflight' => '/home/riain/.cache/typescript/3.7/node_modules/@types/promise-inflight/index.d.ts'
[16:42:4.977] Adding entry into typings cache: 'promise-polyfill' => '/home/riain/.cache/typescript/3.7/node_modules/@types/promise-polyfill/index.d.ts'
[16:42:4.978] Adding entry into typings cache: 'promise-retry' => '/home/riain/.cache/typescript/3.7/node_modules/@types/promise-retry/index.d.ts'
[16:42:4.979] Adding entry into typings cache: 'prop-types' => '/home/riain/.cache/typescript/3.7/node_modules/@types/prop-types/index.d.ts'
[16:42:4.980] Adding entry into typings cache: 'proxy-addr' => '/home/riain/.cache/typescript/3.7/node_modules/@types/proxy-addr/index.d.ts'
[16:42:4.981] Adding entry into typings cache: 'psl' => '/home/riain/.cache/typescript/3.7/node_modules/@types/psl/index.d.ts'
[16:42:4.982] Adding entry into typings cache: 'pump' => '/home/riain/.cache/typescript/3.7/node_modules/@types/pump/index.d.ts'
[16:42:4.983] Adding entry into typings cache: 'pumpify' => '/home/riain/.cache/typescript/3.7/node_modules/@types/pumpify/index.d.ts'
[16:42:4.984] Adding entry into typings cache: 'punycode' => '/home/riain/.cache/typescript/3.7/node_modules/@types/punycode/index.d.ts'
[16:42:4.985] Adding entry into typings cache: 'q' => '/home/riain/.cache/typescript/3.7/node_modules/@types/q/index.d.ts'
[16:42:4.986] Adding entry into typings cache: 'qs' => '/home/riain/.cache/typescript/3.7/node_modules/@types/qs/index.d.ts'
[16:42:4.986] Adding entry into typings cache: 'querystringify' => '/home/riain/.cache/typescript/3.7/node_modules/@types/querystringify/index.d.ts'
[16:42:4.987] Adding entry into typings cache: 'randombytes' => '/home/riain/.cache/typescript/3.7/node_modules/@types/randombytes/index.d.ts'
[16:42:4.988] Adding entry into typings cache: 'range-parser' => '/home/riain/.cache/typescript/3.7/node_modules/@types/range-parser/index.d.ts'
[16:42:4.989] Adding entry into typings cache: 'rangy' => '/home/riain/.cache/typescript/3.7/node_modules/@types/rangy/index.d.ts'
[16:42:4.990] Adding entry into typings cache: 'rc' => '/home/riain/.cache/typescript/3.7/node_modules/@types/rc/index.d.ts'
[16:42:4.990] Adding entry into typings cache: 'react' => '/home/riain/.cache/typescript/3.7/node_modules/@types/react/index.d.ts'
[16:42:4.991] Adding entry into typings cache: 'react-dom' => '/home/riain/.cache/typescript/3.7/node_modules/@types/react-dom/index.d.ts'
[16:42:4.992] Adding entry into typings cache: 'read-package-tree' => '/home/riain/.cache/typescript/3.7/node_modules/@types/read-package-tree/index.d.ts'
[16:42:4.993] Adding entry into typings cache: 'readable-stream' => '/home/riain/.cache/typescript/3.7/node_modules/@types/readable-stream/index.d.ts'
[16:42:4.994] Adding entry into typings cache: 'regenerator-runtime' => '/home/riain/.cache/typescript/3.7/node_modules/@types/regenerator-runtime/index.d.ts'
[16:42:4.995] Adding entry into typings cache: 'registry-auth-token' => '/home/riain/.cache/typescript/3.7/node_modules/@types/registry-auth-token/index.d.ts'
[16:42:4.997] Adding entry into typings cache: 'repeat-element' => '/home/riain/.cache/typescript/3.7/node_modules/@types/repeat-element/index.d.ts'
[16:42:4.998] Adding entry into typings cache: 'repeat-string' => '/home/riain/.cache/typescript/3.7/node_modules/@types/repeat-string/index.d.ts'
[16:42:4.999] Adding entry into typings cache: 'repeating' => '/home/riain/.cache/typescript/3.7/node_modules/@types/repeating/index.d.ts'
[16:42:5.0] Adding entry into typings cache: 'request' => '/home/riain/.cache/typescript/3.7/node_modules/@types/request/index.d.ts'
[16:42:5.0] Adding entry into typings cache: 'require-directory' => '/home/riain/.cache/typescript/3.7/node_modules/@types/require-directory/index.d.ts'
[16:42:5.1] Adding entry into typings cache: 'requires-port' => '/home/riain/.cache/typescript/3.7/node_modules/@types/requires-port/index.d.ts'
[16:42:5.2] Adding entry into typings cache: 'resolve' => '/home/riain/.cache/typescript/3.7/node_modules/@types/resolve/index.d.ts'
[16:42:5.3] Adding entry into typings cache: 'responselike' => '/home/riain/.cache/typescript/3.7/node_modules/@types/responselike/index.d.ts'
[16:42:5.4] Adding entry into typings cache: 'restangular' => '/home/riain/.cache/typescript/3.7/node_modules/@types/restangular/index.d.ts'
[16:42:5.5] Adding entry into typings cache: 'retry' => '/home/riain/.cache/typescript/3.7/node_modules/@types/retry/index.d.ts'
[16:42:5.6] Adding entry into typings cache: 'rfdc' => '/home/riain/.cache/typescript/3.7/node_modules/@types/rfdc/index.d.ts'
[16:42:5.7] Adding entry into typings cache: 'rimraf' => '/home/riain/.cache/typescript/3.7/node_modules/@types/rimraf/index.d.ts'
[16:42:5.8] Adding entry into typings cache: 'ripemd160' => '/home/riain/.cache/typescript/3.7/node_modules/@types/ripemd160/index.d.ts'
[16:42:5.9] Adding entry into typings cache: 'rsvp' => '/home/riain/.cache/typescript/3.7/node_modules/@types/rsvp/index.d.ts'
[16:42:5.10] Adding entry into typings cache: 'run-parallel' => '/home/riain/.cache/typescript/3.7/node_modules/@types/run-parallel/index.d.ts'
[16:42:5.12] Adding entry into typings cache: 'safe-regex' => '/home/riain/.cache/typescript/3.7/node_modules/@types/safe-regex/index.d.ts'
[16:42:5.13] Adding entry into typings cache: 'safer-buffer' => '/home/riain/.cache/typescript/3.7/node_modules/@types/safer-buffer/index.d.ts'
[16:42:5.14] Adding entry into typings cache: 'sass' => '/home/riain/.cache/typescript/3.7/node_modules/@types/sass/index.d.ts'
[16:42:5.15] Adding entry into typings cache: 'sass-loader' => '/home/riain/.cache/typescript/3.7/node_modules/@types/sass-loader/index.d.ts'
[16:42:5.15] Adding entry into typings cache: 'sax' => '/home/riain/.cache/typescript/3.7/node_modules/@types/sax/index.d.ts'
[16:42:5.16] Adding entry into typings cache: 'scheduler' => '/home/riain/.cache/typescript/3.7/node_modules/@types/scheduler/index.d.ts'
[16:42:5.17] Adding entry into typings cache: 'selenium-webdriver' => '/home/riain/.cache/typescript/3.7/node_modules/@types/selenium-webdriver/index.d.ts'
[16:42:5.18] Adding entry into typings cache: 'semver' => '/home/riain/.cache/typescript/3.7/node_modules/@types/semver/index.d.ts'
[16:42:5.19] Adding entry into typings cache: 'send' => '/home/riain/.cache/typescript/3.7/node_modules/@types/send/index.d.ts'
[16:42:5.20] Adding entry into typings cache: 'serialize-javascript' => '/home/riain/.cache/typescript/3.7/node_modules/@types/serialize-javascript/index.d.ts'
[16:42:5.21] Adding entry into typings cache: 'serve-index' => '/home/riain/.cache/typescript/3.7/node_modules/@types/serve-index/index.d.ts'
[16:42:5.21] Adding entry into typings cache: 'serve-static' => '/home/riain/.cache/typescript/3.7/node_modules/@types/serve-static/index.d.ts'
[16:42:5.23] Adding entry into typings cache: 'set-value' => '/home/riain/.cache/typescript/3.7/node_modules/@types/set-value/index.d.ts'
[16:42:5.23] Adding entry into typings cache: 'setimmediate' => '/home/riain/.cache/typescript/3.7/node_modules/@types/setimmediate/index.d.ts'
[16:42:5.24] Adding entry into typings cache: 'sha.js' => '/home/riain/.cache/typescript/3.7/node_modules/@types/sha.js/index.d.ts'
[16:42:5.28] Adding entry into typings cache: 'shebang-command' => '/home/riain/.cache/typescript/3.7/node_modules/@types/shebang-command/index.d.ts'
[16:42:5.29] Adding entry into typings cache: 'signal-exit' => '/home/riain/.cache/typescript/3.7/node_modules/@types/signal-exit/index.d.ts'
[16:42:5.30] Adding entry into typings cache: 'socket.io' => '/home/riain/.cache/typescript/3.7/node_modules/@types/socket.io/index.d.ts'
[16:42:5.31] Adding entry into typings cache: 'socket.io-client' => '/home/riain/.cache/typescript/3.7/node_modules/@types/socket.io-client/index.d.ts'
[16:42:5.32] Adding entry into typings cache: 'socket.io-parser' => '/home/riain/.cache/typescript/3.7/node_modules/@types/socket.io-parser/index.d.ts'
[16:42:5.33] Adding entry into typings cache: 'sockjs' => '/home/riain/.cache/typescript/3.7/node_modules/@types/sockjs/index.d.ts'
[16:42:5.34] Adding entry into typings cache: 'sockjs-client' => '/home/riain/.cache/typescript/3.7/node_modules/@types/sockjs-client/index.d.ts'
[16:42:5.34] Adding entry into typings cache: 'source-list-map' => '/home/riain/.cache/typescript/3.7/node_modules/@types/source-list-map/index.d.ts'
[16:42:5.36] Adding entry into typings cache: 'source-map-support' => '/home/riain/.cache/typescript/3.7/node_modules/@types/source-map-support/index.d.ts'
[16:42:5.37] Adding entry into typings cache: 'spdx-correct' => '/home/riain/.cache/typescript/3.7/node_modules/@types/spdx-correct/index.d.ts'
[16:42:5.37] Adding entry into typings cache: 'spdy' => '/home/riain/.cache/typescript/3.7/node_modules/@types/spdy/index.d.ts'
[16:42:5.38] Adding entry into typings cache: 'speed-measure-webpack-plugin' => '/home/riain/.cache/typescript/3.7/node_modules/@types/speed-measure-webpack-plugin/index.d.ts'
[16:42:5.39] Adding entry into typings cache: 'sprintf' => '/home/riain/.cache/typescript/3.7/node_modules/@types/sprintf/index.d.ts'
[16:42:5.40] Adding entry into typings cache: 'sprintf-js' => '/home/riain/.cache/typescript/3.7/node_modules/@types/sprintf-js/index.d.ts'
[16:42:5.41] Adding entry into typings cache: 'sshpk' => '/home/riain/.cache/typescript/3.7/node_modules/@types/sshpk/index.d.ts'
[16:42:5.42] Adding entry into typings cache: 'ssri' => '/home/riain/.cache/typescript/3.7/node_modules/@types/ssri/index.d.ts'
[16:42:5.42] Adding entry into typings cache: 'stack-trace' => '/home/riain/.cache/typescript/3.7/node_modules/@types/stack-trace/index.d.ts'
[16:42:5.43] Adding entry into typings cache: 'statuses' => '/home/riain/.cache/typescript/3.7/node_modules/@types/statuses/index.d.ts'
[16:42:5.44] Adding entry into typings cache: 'stream-each' => '/home/riain/.cache/typescript/3.7/node_modules/@types/stream-each/index.d.ts'
[16:42:5.45] Adding entry into typings cache: 'stream-shift' => '/home/riain/.cache/typescript/3.7/node_modules/@types/stream-shift/index.d.ts'
[16:42:5.45] Adding entry into typings cache: 'strict-uri-encode' => '/home/riain/.cache/typescript/3.7/node_modules/@types/strict-uri-encode/index.d.ts'
[16:42:5.46] Adding entry into typings cache: 'stylus' => '/home/riain/.cache/typescript/3.7/node_modules/@types/stylus/index.d.ts'
[16:42:5.47] Adding entry into typings cache: 'supports-color' => '/home/riain/.cache/typescript/3.7/node_modules/@types/supports-color/index.d.ts'
[16:42:5.48] Adding entry into typings cache: 'svgo' => '/home/riain/.cache/typescript/3.7/node_modules/@types/svgo/index.d.ts'
[16:42:5.49] Adding entry into typings cache: 'tapable' => '/home/riain/.cache/typescript/3.7/node_modules/@types/tapable/index.d.ts'
[16:42:5.49] Adding entry into typings cache: 'tar' => '/home/riain/.cache/typescript/3.7/node_modules/@types/tar/index.d.ts'
[16:42:5.51] Adding entry into typings cache: 'tar-stream' => '/home/riain/.cache/typescript/3.7/node_modules/@types/tar-stream/index.d.ts'
[16:42:5.51] Adding entry into typings cache: 'tcp-port-used' => '/home/riain/.cache/typescript/3.7/node_modules/@types/tcp-port-used/index.d.ts'
[16:42:5.52] Adding entry into typings cache: 'terser-webpack-plugin' => '/home/riain/.cache/typescript/3.7/node_modules/@types/terser-webpack-plugin/index.d.ts'
[16:42:5.53] Adding entry into typings cache: 'through' => '/home/riain/.cache/typescript/3.7/node_modules/@types/through/index.d.ts'
[16:42:5.54] Adding entry into typings cache: 'through2' => '/home/riain/.cache/typescript/3.7/node_modules/@types/through2/index.d.ts'
[16:42:5.54] Adding entry into typings cache: 'timsort' => '/home/riain/.cache/typescript/3.7/node_modules/@types/timsort/index.d.ts'
[16:42:5.55] Adding entry into typings cache: 'tmp' => '/home/riain/.cache/typescript/3.7/node_modules/@types/tmp/index.d.ts'
[16:42:5.56] Adding entry into typings cache: 'tough-cookie' => '/home/riain/.cache/typescript/3.7/node_modules/@types/tough-cookie/index.d.ts'
[16:42:5.57] Adding entry into typings cache: 'traverse' => '/home/riain/.cache/typescript/3.7/node_modules/@types/traverse/index.d.ts'
[16:42:5.57] Adding entry into typings cache: 'triple-beam' => '/home/riain/.cache/typescript/3.7/node_modules/@types/triple-beam/index.d.ts'
[16:42:5.58] Adding entry into typings cache: 'type-is' => '/home/riain/.cache/typescript/3.7/node_modules/@types/type-is/index.d.ts'
[16:42:5.59] Adding entry into typings cache: 'ui-select' => '/home/riain/.cache/typescript/3.7/node_modules/@types/ui-select/index.d.ts'
[16:42:5.60] Adding entry into typings cache: 'underscore' => '/home/riain/.cache/typescript/3.7/node_modules/@types/underscore/index.d.ts'
[16:42:5.60] Adding entry into typings cache: 'uniq' => '/home/riain/.cache/typescript/3.7/node_modules/@types/uniq/index.d.ts'
[16:42:5.61] Adding entry into typings cache: 'universal-analytics' => '/home/riain/.cache/typescript/3.7/node_modules/@types/universal-analytics/index.d.ts'
[16:42:5.62] Adding entry into typings cache: 'universalify' => '/home/riain/.cache/typescript/3.7/node_modules/@types/universalify/index.d.ts'
[16:42:5.63] Adding entry into typings cache: 'unzipper' => '/home/riain/.cache/typescript/3.7/node_modules/@types/unzipper/index.d.ts'
[16:42:5.64] Adding entry into typings cache: 'update-notifier' => '/home/riain/.cache/typescript/3.7/node_modules/@types/update-notifier/index.d.ts'
[16:42:5.66] Adding entry into typings cache: 'urix' => '/home/riain/.cache/typescript/3.7/node_modules/@types/urix/index.d.ts'
[16:42:5.66] Adding entry into typings cache: 'url-join' => '/home/riain/.cache/typescript/3.7/node_modules/@types/url-join/index.d.ts'
[16:42:5.67] Adding entry into typings cache: 'url-parse' => '/home/riain/.cache/typescript/3.7/node_modules/@types/url-parse/index.d.ts'
[16:42:5.68] Adding entry into typings cache: 'useragent' => '/home/riain/.cache/typescript/3.7/node_modules/@types/useragent/index.d.ts'
[16:42:5.69] Adding entry into typings cache: 'util-deprecate' => '/home/riain/.cache/typescript/3.7/node_modules/@types/util-deprecate/index.d.ts'
[16:42:5.70] Adding entry into typings cache: 'util.promisify' => '/home/riain/.cache/typescript/3.7/node_modules/@types/util.promisify/index.d.ts'
[16:42:5.71] Adding entry into typings cache: 'utils-merge' => '/home/riain/.cache/typescript/3.7/node_modules/@types/utils-merge/index.d.ts'
[16:42:5.71] Adding entry into typings cache: 'uuid' => '/home/riain/.cache/typescript/3.7/node_modules/@types/uuid/index.d.ts'
[16:42:5.72] Adding entry into typings cache: 'valid-url' => '/home/riain/.cache/typescript/3.7/node_modules/@types/valid-url/index.d.ts'
[16:42:5.73] Adding entry into typings cache: 'validate-npm-package-license' => '/home/riain/.cache/typescript/3.7/node_modules/@types/validate-npm-package-license/index.d.ts'
[16:42:5.74] Adding entry into typings cache: 'validate-npm-package-name' => '/home/riain/.cache/typescript/3.7/node_modules/@types/validate-npm-package-name/index.d.ts'
[16:42:5.74] Adding entry into typings cache: 'vary' => '/home/riain/.cache/typescript/3.7/node_modules/@types/vary/index.d.ts'
[16:42:5.75] Adding entry into typings cache: 'verror' => '/home/riain/.cache/typescript/3.7/node_modules/@types/verror/index.d.ts'
[16:42:5.76] Adding entry into typings cache: 'void-elements' => '/home/riain/.cache/typescript/3.7/node_modules/@types/void-elements/index.d.ts'
[16:42:5.77] Adding entry into typings cache: 'watchpack' => '/home/riain/.cache/typescript/3.7/node_modules/@types/watchpack/index.d.ts'
[16:42:5.77] Adding entry into typings cache: 'wcwidth' => '/home/riain/.cache/typescript/3.7/node_modules/@types/wcwidth/index.d.ts'
[16:42:5.78] Adding entry into typings cache: 'webidl-conversions' => '/home/riain/.cache/typescript/3.7/node_modules/@types/webidl-conversions/index.d.ts'
[16:42:5.79] Adding entry into typings cache: 'webpack' => '/home/riain/.cache/typescript/3.7/node_modules/@types/webpack/index.d.ts'
[16:42:5.80] Adding entry into typings cache: 'webpack-dev-middleware' => '/home/riain/.cache/typescript/3.7/node_modules/@types/webpack-dev-middleware/index.d.ts'
[16:42:5.81] Adding entry into typings cache: 'webpack-dev-server' => '/home/riain/.cache/typescript/3.7/node_modules/@types/webpack-dev-server/index.d.ts'
[16:42:5.81] Adding entry into typings cache: 'webpack-merge' => '/home/riain/.cache/typescript/3.7/node_modules/@types/webpack-merge/index.d.ts'
[16:42:5.83] Adding entry into typings cache: 'webpack-sources' => '/home/riain/.cache/typescript/3.7/node_modules/@types/webpack-sources/index.d.ts'
[16:42:5.83] Adding entry into typings cache: 'webpack-subresource-integrity' => '/home/riain/.cache/typescript/3.7/node_modules/@types/webpack-subresource-integrity/index.d.ts'
[16:42:5.84] Adding entry into typings cache: 'whatwg-mimetype' => '/home/riain/.cache/typescript/3.7/node_modules/@types/whatwg-mimetype/index.d.ts'
[16:42:5.85] Adding entry into typings cache: 'whatwg-url' => '/home/riain/.cache/typescript/3.7/node_modules/@types/whatwg-url/index.d.ts'
[16:42:5.85] Adding entry into typings cache: 'when' => '/home/riain/.cache/typescript/3.7/node_modules/@types/when/index.d.ts'
[16:42:5.86] Adding entry into typings cache: 'which' => '/home/riain/.cache/typescript/3.7/node_modules/@types/which/index.d.ts'
[16:42:5.87] Adding entry into typings cache: 'wordwrap' => '/home/riain/.cache/typescript/3.7/node_modules/@types/wordwrap/index.d.ts'
[16:42:5.88] Adding entry into typings cache: 'worker-plugin' => '/home/riain/.cache/typescript/3.7/node_modules/@types/worker-plugin/index.d.ts'
[16:42:5.89] Adding entry into typings cache: 'wrap-ansi' => '/home/riain/.cache/typescript/3.7/node_modules/@types/wrap-ansi/index.d.ts'
[16:42:5.89] Adding entry into typings cache: 'write-file-atomic' => '/home/riain/.cache/typescript/3.7/node_modules/@types/write-file-atomic/index.d.ts'
[16:42:5.90] Adding entry into typings cache: 'ws' => '/home/riain/.cache/typescript/3.7/node_modules/@types/ws/index.d.ts'
[16:42:5.92] Adding entry into typings cache: 'xml2js' => '/home/riain/.cache/typescript/3.7/node_modules/@types/xml2js/index.d.ts'
[16:42:5.93] Adding entry into typings cache: 'xmldom' => '/home/riain/.cache/typescript/3.7/node_modules/@types/xmldom/index.d.ts'
[16:42:5.93] Adding entry into typings cache: 'xtend' => '/home/riain/.cache/typescript/3.7/node_modules/@types/xtend/index.d.ts'
[16:42:5.94] Adding entry into typings cache: 'y18n' => '/home/riain/.cache/typescript/3.7/node_modules/@types/y18n/index.d.ts'
[16:42:5.95] Adding entry into typings cache: 'yallist' => '/home/riain/.cache/typescript/3.7/node_modules/@types/yallist/index.d.ts'
[16:42:5.96] Adding entry into typings cache: 'yargs' => '/home/riain/.cache/typescript/3.7/node_modules/@types/yargs/index.d.ts'
[16:42:5.96] Adding entry into typings cache: 'yargs-parser' => '/home/riain/.cache/typescript/3.7/node_modules/@types/yargs-parser/index.d.ts'
[16:42:5.97] Adding entry into typings cache: 'yeast' => '/home/riain/.cache/typescript/3.7/node_modules/@types/yeast/index.d.ts'
[16:42:5.97] Finished processing cache location '/home/riain/.cache/typescript/3.7'
[16:42:5.98] Process id: 26743
[16:42:5.98] NPM location: /usr/bin/npm (explicit '--npmLocation' not  provided)
[16:42:5.98] validateDefaultNpmLocation: false
[16:42:5.98] Npm config file: /home/riain/.cache/typescript/3.7/package.json
[16:42:5.98] Updating types-registry npm package...
[16:42:5.98] Exec: /usr/bin/npm install --ignore-scripts types-registry@latest
[16:42:10.425]     Succeeded. stdout:
    + types-registry@0.1.507
    updated 1 package and audited 753 packages in 4.325s

9 packages are looking for funding
  run `npm fund` for details

found 0 vulnerabilities


[16:42:10.425] Updated types-registry npm package
